[3.687s] Invoking command in '/home/nvidia/f1tenth_ws/src/f1tenth_system/f1tenth_stack': AMENT_PREFIX_PATH=/home/nvidia/f1tenth_ws/install/vesc:/home/nvidia/f1tenth_ws/install/vesc_driver:/home/nvidia/f1tenth_ws/install/vesc_ackermann:/home/nvidia/f1tenth_ws/install/joy_teleop:/home/nvidia/f1tenth_ws/install/vesc_msgs:/home/nvidia/f1tenth_ws/install/teleop_tools_msgs:/home/nvidia/f1tenth_ws/install/ackermann_mux:${AMENT_PREFIX_PATH} CMAKE_PREFIX_PATH=/home/nvidia/f1tenth_ws/install/vesc:/home/nvidia/f1tenth_ws/install/vesc_driver:/home/nvidia/f1tenth_ws/install/vesc_ackermann:/home/nvidia/f1tenth_ws/install/vesc_msgs:/home/nvidia/f1tenth_ws/install/teleop_tools_msgs:/home/nvidia/f1tenth_ws/install/ackermann_mux LD_LIBRARY_PATH=/home/nvidia/f1tenth_ws/install/vesc_driver/lib:/home/nvidia/f1tenth_ws/install/vesc_ackermann/lib:/home/nvidia/f1tenth_ws/install/vesc_msgs/lib:/home/nvidia/f1tenth_ws/install/teleop_tools_msgs/lib:/opt/ros/foxy/opt/yaml_cpp_vendor/lib:/opt/ros/foxy/opt/rviz_ogre_vendor/lib:/opt/ros/foxy/lib/aarch64-linux-gnu:/opt/ros/foxy/lib:/usr/local/cuda-11.4/lib64 PYTHONPATH=/home/nvidia/f1tenth_ws/build/f1tenth_stack/prefix_override:/usr/lib/python3/dist-packages/colcon_core/task/python/colcon_distutils_commands:/home/nvidia/f1tenth_ws/install/f1tenth_stack/lib/python3.8/site-packages:/home/nvidia/f1tenth_ws/install/joy_teleop/lib/python3.8/site-packages:/home/nvidia/f1tenth_ws/install/vesc_msgs/lib/python3.8/site-packages:/home/nvidia/f1tenth_ws/install/teleop_tools_msgs/lib/python3.8/site-packages:${PYTHONPATH} /usr/bin/python3 -W ignore:setup.py install is deprecated setup.py egg_info --egg-base ../../../build/f1tenth_stack build --build-base /home/nvidia/f1tenth_ws/build/f1tenth_stack/build install --record /home/nvidia/f1tenth_ws/build/f1tenth_stack/install.log --install-scripts $base/lib/f1tenth_stack --single-version-externally-managed install_data
[4.856s] running egg_info
[4.859s] creating ../../../build/f1tenth_stack/f1tenth_stack.egg-info
[4.860s] writing ../../../build/f1tenth_stack/f1tenth_stack.egg-info/PKG-INFO
[4.861s] writing dependency_links to ../../../build/f1tenth_stack/f1tenth_stack.egg-info/dependency_links.txt
[4.862s] writing entry points to ../../../build/f1tenth_stack/f1tenth_stack.egg-info/entry_points.txt
[4.862s] writing requirements to ../../../build/f1tenth_stack/f1tenth_stack.egg-info/requires.txt
[4.863s] writing top-level names to ../../../build/f1tenth_stack/f1tenth_stack.egg-info/top_level.txt
[4.869s] writing manifest file '../../../build/f1tenth_stack/f1tenth_stack.egg-info/SOURCES.txt'
[5.040s] reading manifest file '../../../build/f1tenth_stack/f1tenth_stack.egg-info/SOURCES.txt'
[5.044s] writing manifest file '../../../build/f1tenth_stack/f1tenth_stack.egg-info/SOURCES.txt'
[5.045s] running build
[5.046s] running build_py
[5.046s] creating /home/nvidia/f1tenth_ws/build/f1tenth_stack/build
[5.047s] creating /home/nvidia/f1tenth_ws/build/f1tenth_stack/build/lib
[5.047s] creating /home/nvidia/f1tenth_ws/build/f1tenth_stack/build/lib/f1tenth_stack
[5.048s] copying f1tenth_stack/__init__.py -> /home/nvidia/f1tenth_ws/build/f1tenth_stack/build/lib/f1tenth_stack
[5.048s] copying f1tenth_stack/throttle_interpolator.py -> /home/nvidia/f1tenth_ws/build/f1tenth_stack/build/lib/f1tenth_stack
[5.049s] copying f1tenth_stack/tf_publisher.py -> /home/nvidia/f1tenth_ws/build/f1tenth_stack/build/lib/f1tenth_stack
[5.049s] running install
[5.053s] running install_lib
[5.059s] creating /home/nvidia/f1tenth_ws/install/f1tenth_stack/lib/python3.8/site-packages/f1tenth_stack
[5.059s] copying /home/nvidia/f1tenth_ws/build/f1tenth_stack/build/lib/f1tenth_stack/__init__.py -> /home/nvidia/f1tenth_ws/install/f1tenth_stack/lib/python3.8/site-packages/f1tenth_stack
[5.060s] copying /home/nvidia/f1tenth_ws/build/f1tenth_stack/build/lib/f1tenth_stack/throttle_interpolator.py -> /home/nvidia/f1tenth_ws/install/f1tenth_stack/lib/python3.8/site-packages/f1tenth_stack
[5.061s] copying /home/nvidia/f1tenth_ws/build/f1tenth_stack/build/lib/f1tenth_stack/tf_publisher.py -> /home/nvidia/f1tenth_ws/install/f1tenth_stack/lib/python3.8/site-packages/f1tenth_stack
[5.063s] byte-compiling /home/nvidia/f1tenth_ws/install/f1tenth_stack/lib/python3.8/site-packages/f1tenth_stack/__init__.py to __init__.cpython-38.pyc
[5.069s] byte-compiling /home/nvidia/f1tenth_ws/install/f1tenth_stack/lib/python3.8/site-packages/f1tenth_stack/throttle_interpolator.py to throttle_interpolator.cpython-38.pyc
[5.074s] byte-compiling /home/nvidia/f1tenth_ws/install/f1tenth_stack/lib/python3.8/site-packages/f1tenth_stack/tf_publisher.py to tf_publisher.cpython-38.pyc
[5.076s] running install_data
[5.077s] creating /home/nvidia/f1tenth_ws/install/f1tenth_stack/share/ament_index
[5.078s] creating /home/nvidia/f1tenth_ws/install/f1tenth_stack/share/ament_index/resource_index
[5.078s] creating /home/nvidia/f1tenth_ws/install/f1tenth_stack/share/ament_index/resource_index/packages
[5.079s] copying resource/f1tenth_stack -> /home/nvidia/f1tenth_ws/install/f1tenth_stack/share/ament_index/resource_index/packages
[5.079s] copying package.xml -> /home/nvidia/f1tenth_ws/install/f1tenth_stack/share/f1tenth_stack
[5.080s] creating /home/nvidia/f1tenth_ws/install/f1tenth_stack/share/f1tenth_stack/launch
[5.081s] copying launch/bringup_launch.py -> /home/nvidia/f1tenth_ws/install/f1tenth_stack/share/f1tenth_stack/launch
[5.081s] creating /home/nvidia/f1tenth_ws/install/f1tenth_stack/share/f1tenth_stack/config
[5.082s] copying config/vesc.yaml -> /home/nvidia/f1tenth_ws/install/f1tenth_stack/share/f1tenth_stack/config
[5.082s] copying config/sensors.yaml -> /home/nvidia/f1tenth_ws/install/f1tenth_stack/share/f1tenth_stack/config
[5.083s] copying config/f1tenth_online_async.yaml -> /home/nvidia/f1tenth_ws/install/f1tenth_stack/share/f1tenth_stack/config
[5.083s] copying config/joy_teleop.yaml -> /home/nvidia/f1tenth_ws/install/f1tenth_stack/share/f1tenth_stack/config
[5.084s] copying config/mux.yaml -> /home/nvidia/f1tenth_ws/install/f1tenth_stack/share/f1tenth_stack/config
[5.084s] running install_egg_info
[5.091s] Copying ../../../build/f1tenth_stack/f1tenth_stack.egg-info to /home/nvidia/f1tenth_ws/install/f1tenth_stack/lib/python3.8/site-packages/f1tenth_stack-0.0.1-py3.8.egg-info
[5.096s] running install_scripts
[5.178s] Installing tf_publisher script to /home/nvidia/f1tenth_ws/install/f1tenth_stack/lib/f1tenth_stack
[5.178s] Installing throttle_interpolator script to /home/nvidia/f1tenth_ws/install/f1tenth_stack/lib/f1tenth_stack
[5.180s] writing list of installed files to '/home/nvidia/f1tenth_ws/build/f1tenth_stack/install.log'
[5.284s] Invoked command in '/home/nvidia/f1tenth_ws/src/f1tenth_system/f1tenth_stack' returned '0': AMENT_PREFIX_PATH=/home/nvidia/f1tenth_ws/install/vesc:/home/nvidia/f1tenth_ws/install/vesc_driver:/home/nvidia/f1tenth_ws/install/vesc_ackermann:/home/nvidia/f1tenth_ws/install/joy_teleop:/home/nvidia/f1tenth_ws/install/vesc_msgs:/home/nvidia/f1tenth_ws/install/teleop_tools_msgs:/home/nvidia/f1tenth_ws/install/ackermann_mux:${AMENT_PREFIX_PATH} CMAKE_PREFIX_PATH=/home/nvidia/f1tenth_ws/install/vesc:/home/nvidia/f1tenth_ws/install/vesc_driver:/home/nvidia/f1tenth_ws/install/vesc_ackermann:/home/nvidia/f1tenth_ws/install/vesc_msgs:/home/nvidia/f1tenth_ws/install/teleop_tools_msgs:/home/nvidia/f1tenth_ws/install/ackermann_mux LD_LIBRARY_PATH=/home/nvidia/f1tenth_ws/install/vesc_driver/lib:/home/nvidia/f1tenth_ws/install/vesc_ackermann/lib:/home/nvidia/f1tenth_ws/install/vesc_msgs/lib:/home/nvidia/f1tenth_ws/install/teleop_tools_msgs/lib:/opt/ros/foxy/opt/yaml_cpp_vendor/lib:/opt/ros/foxy/opt/rviz_ogre_vendor/lib:/opt/ros/foxy/lib/aarch64-linux-gnu:/opt/ros/foxy/lib:/usr/local/cuda-11.4/lib64 PYTHONPATH=/home/nvidia/f1tenth_ws/build/f1tenth_stack/prefix_override:/usr/lib/python3/dist-packages/colcon_core/task/python/colcon_distutils_commands:/home/nvidia/f1tenth_ws/install/f1tenth_stack/lib/python3.8/site-packages:/home/nvidia/f1tenth_ws/install/joy_teleop/lib/python3.8/site-packages:/home/nvidia/f1tenth_ws/install/vesc_msgs/lib/python3.8/site-packages:/home/nvidia/f1tenth_ws/install/teleop_tools_msgs/lib/python3.8/site-packages:${PYTHONPATH} /usr/bin/python3 -W ignore:setup.py install is deprecated setup.py egg_info --egg-base ../../../build/f1tenth_stack build --build-base /home/nvidia/f1tenth_ws/build/f1tenth_stack/build install --record /home/nvidia/f1tenth_ws/build/f1tenth_stack/install.log --install-scripts $base/lib/f1tenth_stack --single-version-externally-managed install_data
