[4.499s] Invoking command in '/home/nvidia/f1tenth_ws/src/new_map_saver': PYTHONPATH=/home/nvidia/f1tenth_ws/build/new_map_saver/prefix_override:/usr/lib/python3/dist-packages/colcon_core/task/python/colcon_distutils_commands:/home/nvidia/f1tenth_ws/install/new_map_saver/lib/python3.8/site-packages: /usr/bin/python3 -W ignore:setup.py install is deprecated setup.py egg_info --egg-base ../../build/new_map_saver build --build-base /home/nvidia/f1tenth_ws/build/new_map_saver/build install --record /home/nvidia/f1tenth_ws/build/new_map_saver/install.log --install-scripts $base/lib/new_map_saver --single-version-externally-managed install_data
[5.939s] running egg_info
[5.942s] writing ../../build/new_map_saver/new_map_saver.egg-info/PKG-INFO
[5.943s] writing dependency_links to ../../build/new_map_saver/new_map_saver.egg-info/dependency_links.txt
[5.943s] writing entry points to ../../build/new_map_saver/new_map_saver.egg-info/entry_points.txt
[5.944s] writing requirements to ../../build/new_map_saver/new_map_saver.egg-info/requires.txt
[5.946s] writing top-level names to ../../build/new_map_saver/new_map_saver.egg-info/top_level.txt
[6.157s] reading manifest file '../../build/new_map_saver/new_map_saver.egg-info/SOURCES.txt'
[6.166s] writing manifest file '../../build/new_map_saver/new_map_saver.egg-info/SOURCES.txt'
[6.166s] running build
[6.167s] running build_py
[6.168s] running install
[6.178s] running install_lib
[6.185s] running install_data
[6.186s] running install_egg_info
[6.196s] removing '/home/nvidia/f1tenth_ws/install/new_map_saver/lib/python3.8/site-packages/new_map_saver-0.0.0-py3.8.egg-info' (and everything under it)
[6.197s] Copying ../../build/new_map_saver/new_map_saver.egg-info to /home/nvidia/f1tenth_ws/install/new_map_saver/lib/python3.8/site-packages/new_map_saver-0.0.0-py3.8.egg-info
[6.207s] running install_scripts
[6.302s] writing list of installed files to '/home/nvidia/f1tenth_ws/build/new_map_saver/install.log'
[6.437s] Invoked command in '/home/nvidia/f1tenth_ws/src/new_map_saver' returned '0': PYTHONPATH=/home/nvidia/f1tenth_ws/build/new_map_saver/prefix_override:/usr/lib/python3/dist-packages/colcon_core/task/python/colcon_distutils_commands:/home/nvidia/f1tenth_ws/install/new_map_saver/lib/python3.8/site-packages: /usr/bin/python3 -W ignore:setup.py install is deprecated setup.py egg_info --egg-base ../../build/new_map_saver build --build-base /home/nvidia/f1tenth_ws/build/new_map_saver/build install --record /home/nvidia/f1tenth_ws/build/new_map_saver/install.log --install-scripts $base/lib/new_map_saver --single-version-externally-managed install_data
