running egg_info
creating ../../build/mapping/mapping.egg-info
writing ../../build/mapping/mapping.egg-info/PKG-INFO
writing dependency_links to ../../build/mapping/mapping.egg-info/dependency_links.txt
writing entry points to ../../build/mapping/mapping.egg-info/entry_points.txt
writing requirements to ../../build/mapping/mapping.egg-info/requires.txt
writing top-level names to ../../build/mapping/mapping.egg-info/top_level.txt
writing manifest file '../../build/mapping/mapping.egg-info/SOURCES.txt'
reading manifest file '../../build/mapping/mapping.egg-info/SOURCES.txt'
writing manifest file '../../build/mapping/mapping.egg-info/SOURCES.txt'
running build
running build_py
creating /home/nvidia/f1tenth_ws/build/mapping/build
creating /home/nvidia/f1tenth_ws/build/mapping/build/lib
creating /home/nvidia/f1tenth_ws/build/mapping/build/lib/mapping
copying mapping/local_mapping.py -> /home/nvidia/f1tenth_ws/build/mapping/build/lib/mapping
copying mapping/__init__.py -> /home/nvidia/f1tenth_ws/build/mapping/build/lib/mapping
running install
running install_lib
creating /home/nvidia/f1tenth_ws/install/mapping/lib/python3.8/site-packages/mapping
copying /home/nvidia/f1tenth_ws/build/mapping/build/lib/mapping/local_mapping.py -> /home/nvidia/f1tenth_ws/install/mapping/lib/python3.8/site-packages/mapping
copying /home/nvidia/f1tenth_ws/build/mapping/build/lib/mapping/__init__.py -> /home/nvidia/f1tenth_ws/install/mapping/lib/python3.8/site-packages/mapping
byte-compiling /home/nvidia/f1tenth_ws/install/mapping/lib/python3.8/site-packages/mapping/local_mapping.py to local_mapping.cpython-38.pyc
byte-compiling /home/nvidia/f1tenth_ws/install/mapping/lib/python3.8/site-packages/mapping/__init__.py to __init__.cpython-38.pyc
running install_data
creating /home/nvidia/f1tenth_ws/install/mapping/share/ament_index
creating /home/nvidia/f1tenth_ws/install/mapping/share/ament_index/resource_index
creating /home/nvidia/f1tenth_ws/install/mapping/share/ament_index/resource_index/packages
copying resource/mapping -> /home/nvidia/f1tenth_ws/install/mapping/share/ament_index/resource_index/packages
copying package.xml -> /home/nvidia/f1tenth_ws/install/mapping/share/mapping
running install_egg_info
Copying ../../build/mapping/mapping.egg-info to /home/nvidia/f1tenth_ws/install/mapping/lib/python3.8/site-packages/mapping-0.0.0-py3.8.egg-info
running install_scripts
Installing local_mapping_node script to /home/nvidia/f1tenth_ws/install/mapping/lib/mapping
writing list of installed files to '/home/nvidia/f1tenth_ws/build/mapping/install.log'
