[10.166s] Invoking command in '/home/nvidia/f1tenth_ws/src/mapping': PYTHONPATH=/home/nvidia/f1tenth_ws/build/mapping/prefix_override:/usr/lib/python3/dist-packages/colcon_core/task/python/colcon_distutils_commands:/home/nvidia/f1tenth_ws/install/mapping/lib/python3.8/site-packages: /usr/bin/python3 -W ignore:setup.py install is deprecated setup.py egg_info --egg-base ../../build/mapping build --build-base /home/nvidia/f1tenth_ws/build/mapping/build install --record /home/nvidia/f1tenth_ws/build/mapping/install.log --install-scripts $base/lib/mapping --single-version-externally-managed install_data
[11.953s] running egg_info
[11.958s] writing ../../build/mapping/mapping.egg-info/PKG-INFO
[11.960s] writing dependency_links to ../../build/mapping/mapping.egg-info/dependency_links.txt
[11.961s] writing entry points to ../../build/mapping/mapping.egg-info/entry_points.txt
[11.963s] writing requirements to ../../build/mapping/mapping.egg-info/requires.txt
[11.964s] writing top-level names to ../../build/mapping/mapping.egg-info/top_level.txt
[12.325s] reading manifest file '../../build/mapping/mapping.egg-info/SOURCES.txt'
[12.332s] writing manifest file '../../build/mapping/mapping.egg-info/SOURCES.txt'
[12.333s] running build
[12.337s] running build_py
[12.340s] copying mapping/local_mapping_gradient.py -> /home/nvidia/f1tenth_ws/build/mapping/build/lib/mapping
[12.344s] running install
[12.351s] running install_lib
[12.368s] copying /home/nvidia/f1tenth_ws/build/mapping/build/lib/mapping/local_mapping_gradient.py -> /home/nvidia/f1tenth_ws/install/mapping/lib/python3.8/site-packages/mapping
[12.377s] byte-compiling /home/nvidia/f1tenth_ws/install/mapping/lib/python3.8/site-packages/mapping/local_mapping_gradient.py to local_mapping_gradient.cpython-38.pyc
[12.398s] running install_data
[12.401s] running install_egg_info
[12.414s] removing '/home/nvidia/f1tenth_ws/install/mapping/lib/python3.8/site-packages/mapping-0.0.0-py3.8.egg-info' (and everything under it)
[12.432s] Copying ../../build/mapping/mapping.egg-info to /home/nvidia/f1tenth_ws/install/mapping/lib/python3.8/site-packages/mapping-0.0.0-py3.8.egg-info
[12.481s] running install_scripts
[12.598s] Installing local_gradient_node script to /home/nvidia/f1tenth_ws/install/mapping/lib/mapping
[12.602s] Installing local_mapping_node script to /home/nvidia/f1tenth_ws/install/mapping/lib/mapping
[12.605s] writing list of installed files to '/home/nvidia/f1tenth_ws/build/mapping/install.log'
[12.778s] Invoked command in '/home/nvidia/f1tenth_ws/src/mapping' returned '0': PYTHONPATH=/home/nvidia/f1tenth_ws/build/mapping/prefix_override:/usr/lib/python3/dist-packages/colcon_core/task/python/colcon_distutils_commands:/home/nvidia/f1tenth_ws/install/mapping/lib/python3.8/site-packages: /usr/bin/python3 -W ignore:setup.py install is deprecated setup.py egg_info --egg-base ../../build/mapping build --build-base /home/nvidia/f1tenth_ws/build/mapping/build install --record /home/nvidia/f1tenth_ws/build/mapping/install.log --install-scripts $base/lib/mapping --single-version-externally-managed install_data
