[6.375s] Invoking command in '/home/nvidia/f1tenth_ws/src/mapping': PYTHONPATH=/home/nvidia/f1tenth_ws/build/mapping/prefix_override:/usr/lib/python3/dist-packages/colcon_core/task/python/colcon_distutils_commands:/home/nvidia/f1tenth_ws/install/mapping/lib/python3.8/site-packages: /usr/bin/python3 -W ignore:setup.py install is deprecated setup.py egg_info --egg-base ../../build/mapping build --build-base /home/nvidia/f1tenth_ws/build/mapping/build install --record /home/nvidia/f1tenth_ws/build/mapping/install.log --install-scripts $base/lib/mapping --single-version-externally-managed install_data
[8.096s] running egg_info
[8.100s] writing ../../build/mapping/mapping.egg-info/PKG-INFO
[8.106s] writing dependency_links to ../../build/mapping/mapping.egg-info/dependency_links.txt
[8.111s] writing entry points to ../../build/mapping/mapping.egg-info/entry_points.txt
[8.112s] writing requirements to ../../build/mapping/mapping.egg-info/requires.txt
[8.115s] writing top-level names to ../../build/mapping/mapping.egg-info/top_level.txt
[8.400s] reading manifest file '../../build/mapping/mapping.egg-info/SOURCES.txt'
[8.409s] writing manifest file '../../build/mapping/mapping.egg-info/SOURCES.txt'
[8.410s] running build
[8.411s] running build_py
[8.411s] running install
[8.412s] running install_lib
[8.412s] running install_data
[8.419s] running install_egg_info
[8.440s] removing '/home/nvidia/f1tenth_ws/install/mapping/lib/python3.8/site-packages/mapping-0.0.0-py3.8.egg-info' (and everything under it)
[8.450s] Copying ../../build/mapping/mapping.egg-info to /home/nvidia/f1tenth_ws/install/mapping/lib/python3.8/site-packages/mapping-0.0.0-py3.8.egg-info
[8.456s] running install_scripts
[8.608s] Installing local_mapping_node = mapping.local_mapping:mainlocal_gradient_node script to /home/nvidia/f1tenth_ws/install/mapping/lib/mapping
[8.610s] writing list of installed files to '/home/nvidia/f1tenth_ws/build/mapping/install.log'
[8.888s] Invoked command in '/home/nvidia/f1tenth_ws/src/mapping' returned '0': PYTHONPATH=/home/nvidia/f1tenth_ws/build/mapping/prefix_override:/usr/lib/python3/dist-packages/colcon_core/task/python/colcon_distutils_commands:/home/nvidia/f1tenth_ws/install/mapping/lib/python3.8/site-packages: /usr/bin/python3 -W ignore:setup.py install is deprecated setup.py egg_info --egg-base ../../build/mapping build --build-base /home/nvidia/f1tenth_ws/build/mapping/build install --record /home/nvidia/f1tenth_ws/build/mapping/install.log --install-scripts $base/lib/mapping --single-version-externally-managed install_data
