[0.233s] Invoking command in '/home/nvidia/f1tenth_ws/build/ackermann_mux': CMAKE_PREFIX_PATH=/opt/ros/foxy /usr/bin/cmake /home/nvidia/f1tenth_ws/src/f1tenth_system/ackermann_mux -DCMAKE_INSTALL_PREFIX=/home/nvidia/f1tenth_ws/install/ackermann_mux
[3.092s] -- Found ament_cmake: 0.9.12 (/opt/ros/foxy/share/ament_cmake/cmake)
[3.092s] -- Using PYTHON_EXECUTABLE: /usr/bin/python3
[3.093s] -- Found rclcpp: 2.4.3 (/opt/ros/foxy/share/rclcpp/cmake)
[3.093s] -- Using all available rosidl_typesupport_c: rosidl_typesupport_fastrtps_c;rosidl_typesupport_introspection_c
[3.094s] -- Found rosidl_adapter: 1.3.1 (/opt/ros/foxy/share/rosidl_adapter/cmake)
[3.094s] -- Using all available rosidl_typesupport_cpp: rosidl_typesupport_fastrtps_cpp;rosidl_typesupport_introspection_cpp
[3.177s] -- Found rmw_implementation_cmake: 1.0.4 (/opt/ros/foxy/share/rmw_implementation_cmake/cmake)
[3.185s] -- Using RMW implementation 'rmw_fastrtps_cpp' as default
[4.909s] -- Found ackermann_msgs: 2.0.2 (/opt/ros/foxy/share/ackermann_msgs/cmake)
[5.389s] -- Found diagnostic_updater: 3.1.2 (/opt/ros/foxy/share/diagnostic_updater/cmake)
[6.186s] -- Found ament_lint_auto: 0.9.8 (/opt/ros/foxy/share/ament_lint_auto/cmake)
[6.960s] -- Found python_cmake_module: 0.8.1 (/opt/ros/foxy/share/python_cmake_module/cmake)
[7.283s] -- Found PythonInterp: /usr/bin/python3 (found suitable version "3.8.10", minimum required is "3.5") 
[7.361s] -- Found PythonLibs: /usr/lib/aarch64-linux-gnu/libpython3.8.so (found suitable version "3.8.10", minimum required is "3.5") 
[7.362s] -- Using PYTHON_EXECUTABLE: /usr/bin/python3
[7.362s] -- Using PYTHON_INCLUDE_DIRS: /usr/include/python3.8
[7.362s] -- Using PYTHON_LIBRARIES: /usr/lib/aarch64-linux-gnu/libpython3.8.so
[7.675s] -- Found PythonExtra: .so  
[7.880s] -- Added test 'xmllint' to check XML markup files
[7.894s] -- Added test 'copyright' to check source files copyright and LICENSE
[7.925s] -- Added test 'cppcheck' to perform static code analysis on C / C++ code
[7.938s] -- Configured cppcheck include dirs: /home/nvidia/f1tenth_ws/src/f1tenth_system/ackermann_mux/include
[7.939s] -- Configured cppcheck exclude dirs and/or files: 
[7.979s] -- Added test 'cpplint' to check C / C++ code against the Google style
[8.009s] -- Configured cpplint exclude dirs and/or files: 
[8.038s] -- Added test 'flake8' to check Python code syntax and style conventions
[8.040s] -- Added test 'lint_cmake' to check CMake code style
[8.041s] -- Added test 'pep257' to check Python code against some of the style conventions in PEP 257
[8.074s] -- Added test 'uncrustify' to check C / C++ code style
[8.082s] -- Configured uncrustify additional arguments: 
[8.181s] -- Configuring done
[8.368s] -- Generating done
[8.398s] -- Build files have been written to: /home/nvidia/f1tenth_ws/build/ackermann_mux
[8.504s] Invoked command in '/home/nvidia/f1tenth_ws/build/ackermann_mux' returned '0': CMAKE_PREFIX_PATH=/opt/ros/foxy /usr/bin/cmake /home/nvidia/f1tenth_ws/src/f1tenth_system/ackermann_mux -DCMAKE_INSTALL_PREFIX=/home/nvidia/f1tenth_ws/install/ackermann_mux
[8.506s] Invoking command in '/home/nvidia/f1tenth_ws/build/ackermann_mux': CMAKE_PREFIX_PATH=/opt/ros/foxy /usr/bin/cmake --build /home/nvidia/f1tenth_ws/build/ackermann_mux -- -j6 -l6
[9.314s] [35m[1mScanning dependencies of target ackermann_mux[0m
[10.258s] [ 25%] [32mBuilding CXX object CMakeFiles/ackermann_mux.dir/src/ackermann_mux.cpp.o[0m
[10.291s] [ 50%] [32mBuilding CXX object CMakeFiles/ackermann_mux.dir/src/ackermann_mux_node.cpp.o[0m
[10.293s] [ 75%] [32mBuilding CXX object CMakeFiles/ackermann_mux.dir/src/ackermann_mux_diagnostics.cpp.o[0m
[59.070s] [100%] [32m[1mLinking CXX executable ackermann_mux[0m
[62.843s] [100%] Built target ackermann_mux
[62.963s] Invoked command in '/home/nvidia/f1tenth_ws/build/ackermann_mux' returned '0': CMAKE_PREFIX_PATH=/opt/ros/foxy /usr/bin/cmake --build /home/nvidia/f1tenth_ws/build/ackermann_mux -- -j6 -l6
[63.648s] Invoking command in '/home/nvidia/f1tenth_ws/build/ackermann_mux': CMAKE_PREFIX_PATH=/opt/ros/foxy /usr/bin/cmake --install /home/nvidia/f1tenth_ws/build/ackermann_mux
[63.775s] -- Install configuration: ""
[63.778s] -- Installing: /home/nvidia/f1tenth_ws/install/ackermann_mux/lib/ackermann_mux/ackermann_mux
[63.856s] -- Set runtime path of "/home/nvidia/f1tenth_ws/install/ackermann_mux/lib/ackermann_mux/ackermann_mux" to ""
[63.868s] -- Installing: /home/nvidia/f1tenth_ws/install/ackermann_mux/share/ackermann_mux/launch
[63.869s] -- Installing: /home/nvidia/f1tenth_ws/install/ackermann_mux/share/ackermann_mux/launch/ackermann_mux_launch.py
[63.870s] -- Installing: /home/nvidia/f1tenth_ws/install/ackermann_mux/share/ackermann_mux/config
[63.872s] -- Installing: /home/nvidia/f1tenth_ws/install/ackermann_mux/share/ackermann_mux/config/ackermann_mux_topics.yaml
[63.873s] -- Installing: /home/nvidia/f1tenth_ws/install/ackermann_mux/share/ackermann_mux/config/joystick.yaml
[63.875s] -- Installing: /home/nvidia/f1tenth_ws/install/ackermann_mux/share/ackermann_mux/config/ackermann_mux_locks.yaml
[63.883s] -- Installing: /home/nvidia/f1tenth_ws/install/ackermann_mux/include
[63.884s] -- Installing: /home/nvidia/f1tenth_ws/install/ackermann_mux/include/ackermann_mux
[63.884s] -- Installing: /home/nvidia/f1tenth_ws/install/ackermann_mux/include/ackermann_mux/ackermann_mux_diagnostics.hpp
[63.887s] -- Installing: /home/nvidia/f1tenth_ws/install/ackermann_mux/include/ackermann_mux/params_helpers.hpp
[63.888s] -- Installing: /home/nvidia/f1tenth_ws/install/ackermann_mux/include/ackermann_mux/ackermann_mux_diagnostics_status.hpp
[63.890s] -- Installing: /home/nvidia/f1tenth_ws/install/ackermann_mux/include/ackermann_mux/ackermann_mux.hpp
[63.891s] -- Installing: /home/nvidia/f1tenth_ws/install/ackermann_mux/include/ackermann_mux/topic_handle.hpp
[63.893s] -- Installing: /home/nvidia/f1tenth_ws/install/ackermann_mux/include/ackermann_mux/utils.hpp
[63.898s] -- Installing: /home/nvidia/f1tenth_ws/install/ackermann_mux/share/ament_index/resource_index/package_run_dependencies/ackermann_mux
[63.900s] -- Installing: /home/nvidia/f1tenth_ws/install/ackermann_mux/share/ament_index/resource_index/parent_prefix_path/ackermann_mux
[63.902s] -- Installing: /home/nvidia/f1tenth_ws/install/ackermann_mux/share/ackermann_mux/environment/ament_prefix_path.sh
[63.906s] -- Installing: /home/nvidia/f1tenth_ws/install/ackermann_mux/share/ackermann_mux/environment/ament_prefix_path.dsv
[63.909s] -- Installing: /home/nvidia/f1tenth_ws/install/ackermann_mux/share/ackermann_mux/environment/path.sh
[63.909s] -- Installing: /home/nvidia/f1tenth_ws/install/ackermann_mux/share/ackermann_mux/environment/path.dsv
[63.910s] -- Installing: /home/nvidia/f1tenth_ws/install/ackermann_mux/share/ackermann_mux/local_setup.bash
[63.910s] -- Installing: /home/nvidia/f1tenth_ws/install/ackermann_mux/share/ackermann_mux/local_setup.sh
[63.922s] -- Installing: /home/nvidia/f1tenth_ws/install/ackermann_mux/share/ackermann_mux/local_setup.zsh
[63.923s] -- Installing: /home/nvidia/f1tenth_ws/install/ackermann_mux/share/ackermann_mux/local_setup.dsv
[63.923s] -- Installing: /home/nvidia/f1tenth_ws/install/ackermann_mux/share/ackermann_mux/package.dsv
[63.924s] -- Installing: /home/nvidia/f1tenth_ws/install/ackermann_mux/share/ament_index/resource_index/packages/ackermann_mux
[63.924s] -- Installing: /home/nvidia/f1tenth_ws/install/ackermann_mux/share/ackermann_mux/cmake/ament_cmake_export_include_directories-extras.cmake
[63.925s] -- Installing: /home/nvidia/f1tenth_ws/install/ackermann_mux/share/ackermann_mux/cmake/ament_cmake_export_dependencies-extras.cmake
[63.926s] -- Installing: /home/nvidia/f1tenth_ws/install/ackermann_mux/share/ackermann_mux/cmake/ackermann_muxConfig.cmake
[63.927s] -- Installing: /home/nvidia/f1tenth_ws/install/ackermann_mux/share/ackermann_mux/cmake/ackermann_muxConfig-version.cmake
[63.927s] -- Installing: /home/nvidia/f1tenth_ws/install/ackermann_mux/share/ackermann_mux/package.xml
[63.941s] Invoked command in '/home/nvidia/f1tenth_ws/build/ackermann_mux' returned '0': CMAKE_PREFIX_PATH=/opt/ros/foxy /usr/bin/cmake --install /home/nvidia/f1tenth_ws/build/ackermann_mux
