[0.223s] Invoking command in '/home/nvidia/f1tenth_ws/build/ackermann_mux': CMAKE_PREFIX_PATH=/opt/ros/foxy /usr/bin/cmake /home/nvidia/f1tenth_ws/src/f1tenth_system/ackermann_mux -DCMAKE_INSTALL_PREFIX=/home/nvidia/f1tenth_ws/install/ackermann_mux
[2.978s] -- Found ament_cmake: 0.9.12 (/opt/ros/foxy/share/ament_cmake/cmake)
[2.983s] -- Found PythonInterp: /usr/bin/python3 (found suitable version "3.8.10", minimum required is "3") 
[2.983s] -- Using PYTHON_EXECUTABLE: /usr/bin/python3
[2.984s] -- Found rclcpp: 2.4.3 (/opt/ros/foxy/share/rclcpp/cmake)
[2.984s] -- Using all available rosidl_typesupport_c: rosidl_typesupport_fastrtps_c;rosidl_typesupport_introspection_c
[2.985s] -- Found rosidl_adapter: 1.3.1 (/opt/ros/foxy/share/rosidl_adapter/cmake)
[2.985s] -- Found OpenSSL: /usr/lib/aarch64-linux-gnu/libcrypto.so (found version "1.1.1f")  
[2.985s] -- Found FastRTPS: /opt/ros/foxy/include  
[3.092s] -- Using all available rosidl_typesupport_cpp: rosidl_typesupport_fastrtps_cpp;rosidl_typesupport_introspection_cpp
[3.468s] -- Found rmw_implementation_cmake: 1.0.4 (/opt/ros/foxy/share/rmw_implementation_cmake/cmake)
[3.478s] -- Using RMW implementation 'rmw_fastrtps_cpp' as default
[3.497s] -- Looking for pthread.h
[4.043s] -- Looking for pthread.h - found
[4.046s] -- Performing Test CMAKE_HAVE_LIBC_PTHREAD
[4.580s] -- Performing Test CMAKE_HAVE_LIBC_PTHREAD - Failed
[4.582s] -- Looking for pthread_create in pthreads
[5.036s] -- Looking for pthread_create in pthreads - not found
[5.045s] -- Looking for pthread_create in pthread
[5.574s] -- Looking for pthread_create in pthread - found
[5.583s] -- Found Threads: TRUE  
[6.508s] CMake Error at CMakeLists.txt:16 (find_package):
[6.508s]   By not providing "Findackermann_msgs.cmake" in CMAKE_MODULE_PATH this
[6.509s]   project has asked CMake to find a package configuration file provided by
[6.509s]   "ackermann_msgs", but CMake did not find one.
[6.509s] 
[6.510s]   Could not find a package configuration file provided by "ackermann_msgs"
[6.510s]   with any of the following names:
[6.511s] 
[6.511s]     ackermann_msgsConfig.cmake
[6.512s]     ackermann_msgs-config.cmake
[6.512s] 
[6.512s]   Add the installation prefix of "ackermann_msgs" to CMAKE_PREFIX_PATH or set
[6.513s]   "ackermann_msgs_DIR" to a directory containing one of the above files.  If
[6.514s]   "ackermann_msgs" provides a separate development package or SDK, be sure it
[6.514s]   has been installed.
[6.515s] 
[6.515s] 
[6.522s] -- Configuring incomplete, errors occurred!
[6.523s] See also "/home/nvidia/f1tenth_ws/build/ackermann_mux/CMakeFiles/CMakeOutput.log".
[6.523s] See also "/home/nvidia/f1tenth_ws/build/ackermann_mux/CMakeFiles/CMakeError.log".
[6.579s] Invoked command in '/home/nvidia/f1tenth_ws/build/ackermann_mux' returned '1': CMAKE_PREFIX_PATH=/opt/ros/foxy /usr/bin/cmake /home/nvidia/f1tenth_ws/src/f1tenth_system/ackermann_mux -DCMAKE_INSTALL_PREFIX=/home/nvidia/f1tenth_ws/install/ackermann_mux
