[7.967s] Invoking command in '/home/nvidia/f1tenth_ws/src/f1tenth_system/teleop_tools/key_teleop': PYTHONPATH=/home/nvidia/f1tenth_ws/build/key_teleop/prefix_override:/usr/lib/python3/dist-packages/colcon_core/task/python/colcon_distutils_commands:/home/nvidia/f1tenth_ws/install/key_teleop/lib/python3.8/site-packages:${PYTHONPATH} /usr/bin/python3 -W ignore:setup.py install is deprecated setup.py egg_info --egg-base ../../../../build/key_teleop build --build-base /home/nvidia/f1tenth_ws/build/key_teleop/build install --record /home/nvidia/f1tenth_ws/build/key_teleop/install.log --install-scripts $base/lib/key_teleop --single-version-externally-managed install_data
[9.998s] running egg_info
[10.005s] writing ../../../../build/key_teleop/key_teleop.egg-info/PKG-INFO
[10.008s] writing dependency_links to ../../../../build/key_teleop/key_teleop.egg-info/dependency_links.txt
[10.013s] writing entry points to ../../../../build/key_teleop/key_teleop.egg-info/entry_points.txt
[10.016s] writing requirements to ../../../../build/key_teleop/key_teleop.egg-info/requires.txt
[10.018s] writing top-level names to ../../../../build/key_teleop/key_teleop.egg-info/top_level.txt
[10.324s] reading manifest file '../../../../build/key_teleop/key_teleop.egg-info/SOURCES.txt'
[10.333s] writing manifest file '../../../../build/key_teleop/key_teleop.egg-info/SOURCES.txt'
[10.346s] running build
[10.346s] running build_py
[10.349s] running install
[10.355s] running install_lib
[10.377s] running install_data
[10.378s] running install_egg_info
[10.390s] removing '/home/nvidia/f1tenth_ws/install/key_teleop/lib/python3.8/site-packages/key_teleop-0.3.0-py3.8.egg-info' (and everything under it)
[10.398s] Copying ../../../../build/key_teleop/key_teleop.egg-info to /home/nvidia/f1tenth_ws/install/key_teleop/lib/python3.8/site-packages/key_teleop-0.3.0-py3.8.egg-info
[10.425s] running install_scripts
[10.546s] Installing key_teleop script to /home/nvidia/f1tenth_ws/install/key_teleop/lib/key_teleop
[10.548s] writing list of installed files to '/home/nvidia/f1tenth_ws/build/key_teleop/install.log'
[11.117s] Invoked command in '/home/nvidia/f1tenth_ws/src/f1tenth_system/teleop_tools/key_teleop' returned '0': PYTHONPATH=/home/nvidia/f1tenth_ws/build/key_teleop/prefix_override:/usr/lib/python3/dist-packages/colcon_core/task/python/colcon_distutils_commands:/home/nvidia/f1tenth_ws/install/key_teleop/lib/python3.8/site-packages:${PYTHONPATH} /usr/bin/python3 -W ignore:setup.py install is deprecated setup.py egg_info --egg-base ../../../../build/key_teleop build --build-base /home/nvidia/f1tenth_ws/build/key_teleop/build install --record /home/nvidia/f1tenth_ws/build/key_teleop/install.log --install-scripts $base/lib/key_teleop --single-version-externally-managed install_data
