[6.286s] Invoking command in '/home/nvidia/f1tenth_ws/src/mapping': PYTHONPATH=/home/nvidia/f1tenth_ws/build/mapping/prefix_override:/usr/lib/python3/dist-packages/colcon_core/task/python/colcon_distutils_commands:/home/nvidia/f1tenth_ws/install/mapping/lib/python3.8/site-packages: /usr/bin/python3 -W ignore:setup.py install is deprecated setup.py egg_info --egg-base ../../build/mapping build --build-base /home/nvidia/f1tenth_ws/build/mapping/build install --record /home/nvidia/f1tenth_ws/build/mapping/install.log --install-scripts $base/lib/mapping --single-version-externally-managed install_data
[7.661s] running egg_info
[7.663s] writing ../../build/mapping/mapping.egg-info/PKG-INFO
[7.665s] writing dependency_links to ../../build/mapping/mapping.egg-info/dependency_links.txt
[7.666s] writing entry points to ../../build/mapping/mapping.egg-info/entry_points.txt
[7.667s] writing requirements to ../../build/mapping/mapping.egg-info/requires.txt
[7.667s] writing top-level names to ../../build/mapping/mapping.egg-info/top_level.txt
[7.869s] reading manifest file '../../build/mapping/mapping.egg-info/SOURCES.txt'
[7.875s] writing manifest file '../../build/mapping/mapping.egg-info/SOURCES.txt'
[7.876s] running build
[7.877s] running build_py
[7.877s] running install
[7.882s] running install_lib
[7.890s] running install_data
[7.890s] running install_egg_info
[7.899s] removing '/home/nvidia/f1tenth_ws/install/mapping/lib/python3.8/site-packages/mapping-0.0.0-py3.8.egg-info' (and everything under it)
[7.901s] Copying ../../build/mapping/mapping.egg-info to /home/nvidia/f1tenth_ws/install/mapping/lib/python3.8/site-packages/mapping-0.0.0-py3.8.egg-info
[7.909s] running install_scripts
[8.003s] Installing local_mapping_node script to /home/nvidia/f1tenth_ws/install/mapping/lib/mapping
[8.004s] writing list of installed files to '/home/nvidia/f1tenth_ws/build/mapping/install.log'
[8.271s] Invoked command in '/home/nvidia/f1tenth_ws/src/mapping' returned '0': PYTHONPATH=/home/nvidia/f1tenth_ws/build/mapping/prefix_override:/usr/lib/python3/dist-packages/colcon_core/task/python/colcon_distutils_commands:/home/nvidia/f1tenth_ws/install/mapping/lib/python3.8/site-packages: /usr/bin/python3 -W ignore:setup.py install is deprecated setup.py egg_info --egg-base ../../build/mapping build --build-base /home/nvidia/f1tenth_ws/build/mapping/build install --record /home/nvidia/f1tenth_ws/build/mapping/install.log --install-scripts $base/lib/mapping --single-version-externally-managed install_data
