[6.705s] Invoking command in '/home/nvidia/f1tenth_ws/src/mapping': PYTHONPATH=/home/nvidia/f1tenth_ws/build/mapping/prefix_override:/usr/lib/python3/dist-packages/colcon_core/task/python/colcon_distutils_commands:/home/nvidia/f1tenth_ws/install/mapping/lib/python3.8/site-packages: /usr/bin/python3 -W ignore:setup.py install is deprecated setup.py egg_info --egg-base ../../build/mapping build --build-base /home/nvidia/f1tenth_ws/build/mapping/build install --record /home/nvidia/f1tenth_ws/build/mapping/install.log --install-scripts $base/lib/mapping --single-version-externally-managed install_data
[8.235s] running egg_info
[8.238s] writing ../../build/mapping/mapping.egg-info/PKG-INFO
[8.241s] writing dependency_links to ../../build/mapping/mapping.egg-info/dependency_links.txt
[8.244s] writing entry points to ../../build/mapping/mapping.egg-info/entry_points.txt
[8.247s] writing requirements to ../../build/mapping/mapping.egg-info/requires.txt
[8.248s] writing top-level names to ../../build/mapping/mapping.egg-info/top_level.txt
[8.533s] reading manifest file '../../build/mapping/mapping.egg-info/SOURCES.txt'
[8.534s] writing manifest file '../../build/mapping/mapping.egg-info/SOURCES.txt'
[8.535s] running build
[8.536s] running build_py
[8.543s] running install
[8.549s] running install_lib
[8.562s] running install_data
[8.563s] running install_egg_info
[8.569s] removing '/home/nvidia/f1tenth_ws/install/mapping/lib/python3.8/site-packages/mapping-0.0.0-py3.8.egg-info' (and everything under it)
[8.580s] Copying ../../build/mapping/mapping.egg-info to /home/nvidia/f1tenth_ws/install/mapping/lib/python3.8/site-packages/mapping-0.0.0-py3.8.egg-info
[8.607s] running install_scripts
[8.815s] Installing local_mapping_node script to /home/nvidia/f1tenth_ws/install/mapping/lib/mapping
[8.817s] writing list of installed files to '/home/nvidia/f1tenth_ws/build/mapping/install.log'
[9.023s] Invoked command in '/home/nvidia/f1tenth_ws/src/mapping' returned '0': PYTHONPATH=/home/nvidia/f1tenth_ws/build/mapping/prefix_override:/usr/lib/python3/dist-packages/colcon_core/task/python/colcon_distutils_commands:/home/nvidia/f1tenth_ws/install/mapping/lib/python3.8/site-packages: /usr/bin/python3 -W ignore:setup.py install is deprecated setup.py egg_info --egg-base ../../build/mapping build --build-base /home/nvidia/f1tenth_ws/build/mapping/build install --record /home/nvidia/f1tenth_ws/build/mapping/install.log --install-scripts $base/lib/mapping --single-version-externally-managed install_data
