[5.229s] Invoking command in '/home/nvidia/f1tenth_ws/src/f1tenth_system/teleop_tools/mouse_teleop': PYTHONPATH=/home/nvidia/f1tenth_ws/build/mouse_teleop/prefix_override:/usr/lib/python3/dist-packages/colcon_core/task/python/colcon_distutils_commands:/home/nvidia/f1tenth_ws/install/mouse_teleop/lib/python3.8/site-packages:${PYTHONPATH} /usr/bin/python3 -W ignore:setup.py install is deprecated setup.py egg_info --egg-base ../../../../build/mouse_teleop build --build-base /home/nvidia/f1tenth_ws/build/mouse_teleop/build install --record /home/nvidia/f1tenth_ws/build/mouse_teleop/install.log --install-scripts $base/lib/mouse_teleop --single-version-externally-managed install_data
[6.601s] running egg_info
[6.601s] creating ../../../../build/mouse_teleop/mouse_teleop.egg-info
[6.602s] writing ../../../../build/mouse_teleop/mouse_teleop.egg-info/PKG-INFO
[6.604s] writing dependency_links to ../../../../build/mouse_teleop/mouse_teleop.egg-info/dependency_links.txt
[6.605s] writing entry points to ../../../../build/mouse_teleop/mouse_teleop.egg-info/entry_points.txt
[6.606s] writing requirements to ../../../../build/mouse_teleop/mouse_teleop.egg-info/requires.txt
[6.606s] writing top-level names to ../../../../build/mouse_teleop/mouse_teleop.egg-info/top_level.txt
[6.614s] writing manifest file '../../../../build/mouse_teleop/mouse_teleop.egg-info/SOURCES.txt'
[6.800s] reading manifest file '../../../../build/mouse_teleop/mouse_teleop.egg-info/SOURCES.txt'
[6.805s] writing manifest file '../../../../build/mouse_teleop/mouse_teleop.egg-info/SOURCES.txt'
[6.805s] running build
[6.806s] running build_py
[6.807s] creating /home/nvidia/f1tenth_ws/build/mouse_teleop/build
[6.808s] creating /home/nvidia/f1tenth_ws/build/mouse_teleop/build/lib
[6.809s] creating /home/nvidia/f1tenth_ws/build/mouse_teleop/build/lib/mouse_teleop
[6.809s] copying mouse_teleop/__init__.py -> /home/nvidia/f1tenth_ws/build/mouse_teleop/build/lib/mouse_teleop
[6.810s] copying mouse_teleop/mouse_teleop.py -> /home/nvidia/f1tenth_ws/build/mouse_teleop/build/lib/mouse_teleop
[6.811s] running install
[6.815s] running install_lib
[6.821s] creating /home/nvidia/f1tenth_ws/install/mouse_teleop/lib/python3.8/site-packages/mouse_teleop
[6.821s] copying /home/nvidia/f1tenth_ws/build/mouse_teleop/build/lib/mouse_teleop/__init__.py -> /home/nvidia/f1tenth_ws/install/mouse_teleop/lib/python3.8/site-packages/mouse_teleop
[6.822s] copying /home/nvidia/f1tenth_ws/build/mouse_teleop/build/lib/mouse_teleop/mouse_teleop.py -> /home/nvidia/f1tenth_ws/install/mouse_teleop/lib/python3.8/site-packages/mouse_teleop
[6.825s] byte-compiling /home/nvidia/f1tenth_ws/install/mouse_teleop/lib/python3.8/site-packages/mouse_teleop/__init__.py to __init__.cpython-38.pyc
[6.832s] byte-compiling /home/nvidia/f1tenth_ws/install/mouse_teleop/lib/python3.8/site-packages/mouse_teleop/mouse_teleop.py to mouse_teleop.cpython-38.pyc
[6.841s] running install_data
[6.842s] copying package.xml -> /home/nvidia/f1tenth_ws/install/mouse_teleop/share/mouse_teleop
[6.843s] creating /home/nvidia/f1tenth_ws/install/mouse_teleop/share/mouse_teleop/config
[6.844s] copying config/mouse_teleop.yaml -> /home/nvidia/f1tenth_ws/install/mouse_teleop/share/mouse_teleop/config
[6.846s] creating /home/nvidia/f1tenth_ws/install/mouse_teleop/share/mouse_teleop/launch
[6.846s] copying launch/mouse_teleop.launch.py -> /home/nvidia/f1tenth_ws/install/mouse_teleop/share/mouse_teleop/launch
[6.847s] creating /home/nvidia/f1tenth_ws/install/mouse_teleop/share/ament_index
[6.847s] creating /home/nvidia/f1tenth_ws/install/mouse_teleop/share/ament_index/resource_index
[6.848s] creating /home/nvidia/f1tenth_ws/install/mouse_teleop/share/ament_index/resource_index/packages
[6.849s] copying resource/mouse_teleop -> /home/nvidia/f1tenth_ws/install/mouse_teleop/share/ament_index/resource_index/packages
[6.849s] running install_egg_info
[6.856s] Copying ../../../../build/mouse_teleop/mouse_teleop.egg-info to /home/nvidia/f1tenth_ws/install/mouse_teleop/lib/python3.8/site-packages/mouse_teleop-0.3.0-py3.8.egg-info
[6.863s] running install_scripts
[6.953s] Installing mouse_teleop script to /home/nvidia/f1tenth_ws/install/mouse_teleop/lib/mouse_teleop
[6.955s] writing list of installed files to '/home/nvidia/f1tenth_ws/build/mouse_teleop/install.log'
