[3.647s] Invoking command in '/home/nvidia/f1tenth_ws/src/new_map_saver': PYTHONPATH=/home/nvidia/f1tenth_ws/build/new_map_saver/prefix_override:/usr/lib/python3/dist-packages/colcon_core/task/python/colcon_distutils_commands:/home/nvidia/f1tenth_ws/install/new_map_saver/lib/python3.8/site-packages: /usr/bin/python3 -W ignore:setup.py install is deprecated setup.py egg_info --egg-base ../../build/new_map_saver build --build-base /home/nvidia/f1tenth_ws/build/new_map_saver/build install --record /home/nvidia/f1tenth_ws/build/new_map_saver/install.log --install-scripts $base/lib/new_map_saver --single-version-externally-managed install_data
[4.756s] running egg_info
[4.759s] writing ../../build/new_map_saver/new_map_saver.egg-info/PKG-INFO
[4.761s] writing dependency_links to ../../build/new_map_saver/new_map_saver.egg-info/dependency_links.txt
[4.762s] writing entry points to ../../build/new_map_saver/new_map_saver.egg-info/entry_points.txt
[4.762s] writing requirements to ../../build/new_map_saver/new_map_saver.egg-info/requires.txt
[4.763s] writing top-level names to ../../build/new_map_saver/new_map_saver.egg-info/top_level.txt
[4.949s] reading manifest file '../../build/new_map_saver/new_map_saver.egg-info/SOURCES.txt'
[4.953s] writing manifest file '../../build/new_map_saver/new_map_saver.egg-info/SOURCES.txt'
[4.954s] running build
[4.955s] running build_py
[4.957s] running install
[4.961s] running install_lib
[4.969s] running install_data
[4.971s] running install_egg_info
[4.979s] removing '/home/nvidia/f1tenth_ws/install/new_map_saver/lib/python3.8/site-packages/new_map_saver-0.0.0-py3.8.egg-info' (and everything under it)
[4.982s] Copying ../../build/new_map_saver/new_map_saver.egg-info to /home/nvidia/f1tenth_ws/install/new_map_saver/lib/python3.8/site-packages/new_map_saver-0.0.0-py3.8.egg-info
[4.988s] running install_scripts
[5.073s] writing list of installed files to '/home/nvidia/f1tenth_ws/build/new_map_saver/install.log'
[5.196s] Invoked command in '/home/nvidia/f1tenth_ws/src/new_map_saver' returned '0': PYTHONPATH=/home/nvidia/f1tenth_ws/build/new_map_saver/prefix_override:/usr/lib/python3/dist-packages/colcon_core/task/python/colcon_distutils_commands:/home/nvidia/f1tenth_ws/install/new_map_saver/lib/python3.8/site-packages: /usr/bin/python3 -W ignore:setup.py install is deprecated setup.py egg_info --egg-base ../../build/new_map_saver build --build-base /home/nvidia/f1tenth_ws/build/new_map_saver/build install --record /home/nvidia/f1tenth_ws/build/new_map_saver/install.log --install-scripts $base/lib/new_map_saver --single-version-externally-managed install_data
