[7.664s] Invoking command in '/home/nvidia/f1tenth_ws/src/new_map_saver': PYTHONPATH=/home/nvidia/f1tenth_ws/build/new_map_saver/prefix_override:/usr/lib/python3/dist-packages/colcon_core/task/python/colcon_distutils_commands:/home/nvidia/f1tenth_ws/install/new_map_saver/lib/python3.8/site-packages:${PYTHONPATH} /usr/bin/python3 -W ignore:setup.py install is deprecated setup.py egg_info --egg-base ../../build/new_map_saver build --build-base /home/nvidia/f1tenth_ws/build/new_map_saver/build install --record /home/nvidia/f1tenth_ws/build/new_map_saver/install.log --install-scripts $base/lib/new_map_saver --single-version-externally-managed install_data
[9.222s] running egg_info
[9.223s] writing ../../build/new_map_saver/new_map_saver.egg-info/PKG-INFO
[9.238s] writing dependency_links to ../../build/new_map_saver/new_map_saver.egg-info/dependency_links.txt
[9.239s] writing entry points to ../../build/new_map_saver/new_map_saver.egg-info/entry_points.txt
[9.240s] writing requirements to ../../build/new_map_saver/new_map_saver.egg-info/requires.txt
[9.240s] writing top-level names to ../../build/new_map_saver/new_map_saver.egg-info/top_level.txt
[9.426s] reading manifest file '../../build/new_map_saver/new_map_saver.egg-info/SOURCES.txt'
[9.432s] writing manifest file '../../build/new_map_saver/new_map_saver.egg-info/SOURCES.txt'
[9.432s] running build
[9.433s] running build_py
[9.435s] running install
[9.437s] running install_lib
[9.446s] running install_data
[9.447s] running install_egg_info
[9.458s] removing '/home/nvidia/f1tenth_ws/install/new_map_saver/lib/python3.8/site-packages/new_map_saver-0.0.0-py3.8.egg-info' (and everything under it)
[9.459s] Copying ../../build/new_map_saver/new_map_saver.egg-info to /home/nvidia/f1tenth_ws/install/new_map_saver/lib/python3.8/site-packages/new_map_saver-0.0.0-py3.8.egg-info
[9.465s] running install_scripts
[9.569s] writing list of installed files to '/home/nvidia/f1tenth_ws/build/new_map_saver/install.log'
[9.738s] Invoked command in '/home/nvidia/f1tenth_ws/src/new_map_saver' returned '0': PYTHONPATH=/home/nvidia/f1tenth_ws/build/new_map_saver/prefix_override:/usr/lib/python3/dist-packages/colcon_core/task/python/colcon_distutils_commands:/home/nvidia/f1tenth_ws/install/new_map_saver/lib/python3.8/site-packages:${PYTHONPATH} /usr/bin/python3 -W ignore:setup.py install is deprecated setup.py egg_info --egg-base ../../build/new_map_saver build --build-base /home/nvidia/f1tenth_ws/build/new_map_saver/build install --record /home/nvidia/f1tenth_ws/build/new_map_saver/install.log --install-scripts $base/lib/new_map_saver --single-version-externally-managed install_data
