[5.940s] Invoking command in '/home/nvidia/f1tenth_ws/src/new_map_saver': PYTHONPATH=/home/nvidia/f1tenth_ws/build/new_map_saver/prefix_override:/usr/lib/python3/dist-packages/colcon_core/task/python/colcon_distutils_commands:/home/nvidia/f1tenth_ws/install/new_map_saver/lib/python3.8/site-packages: /usr/bin/python3 -W ignore:setup.py install is deprecated setup.py egg_info --egg-base ../../build/new_map_saver build --build-base /home/nvidia/f1tenth_ws/build/new_map_saver/build install --record /home/nvidia/f1tenth_ws/build/new_map_saver/install.log --install-scripts $base/lib/new_map_saver --single-version-externally-managed install_data
[8.026s] running egg_info
[8.030s] writing ../../build/new_map_saver/new_map_saver.egg-info/PKG-INFO
[8.034s] writing dependency_links to ../../build/new_map_saver/new_map_saver.egg-info/dependency_links.txt
[8.049s] writing entry points to ../../build/new_map_saver/new_map_saver.egg-info/entry_points.txt
[8.050s] writing requirements to ../../build/new_map_saver/new_map_saver.egg-info/requires.txt
[8.050s] writing top-level names to ../../build/new_map_saver/new_map_saver.egg-info/top_level.txt
[8.306s] reading manifest file '../../build/new_map_saver/new_map_saver.egg-info/SOURCES.txt'
[8.314s] writing manifest file '../../build/new_map_saver/new_map_saver.egg-info/SOURCES.txt'
[8.315s] running build
[8.316s] running build_py
[8.317s] running install
[8.323s] running install_lib
[8.335s] running install_data
[8.337s] running install_egg_info
[8.349s] removing '/home/nvidia/f1tenth_ws/install/new_map_saver/lib/python3.8/site-packages/new_map_saver-0.0.0-py3.8.egg-info' (and everything under it)
[8.353s] Copying ../../build/new_map_saver/new_map_saver.egg-info to /home/nvidia/f1tenth_ws/install/new_map_saver/lib/python3.8/site-packages/new_map_saver-0.0.0-py3.8.egg-info
[8.368s] running install_scripts
[8.497s] writing list of installed files to '/home/nvidia/f1tenth_ws/build/new_map_saver/install.log'
[8.744s] Invoked command in '/home/nvidia/f1tenth_ws/src/new_map_saver' returned '0': PYTHONPATH=/home/nvidia/f1tenth_ws/build/new_map_saver/prefix_override:/usr/lib/python3/dist-packages/colcon_core/task/python/colcon_distutils_commands:/home/nvidia/f1tenth_ws/install/new_map_saver/lib/python3.8/site-packages: /usr/bin/python3 -W ignore:setup.py install is deprecated setup.py egg_info --egg-base ../../build/new_map_saver build --build-base /home/nvidia/f1tenth_ws/build/new_map_saver/build install --record /home/nvidia/f1tenth_ws/build/new_map_saver/install.log --install-scripts $base/lib/new_map_saver --single-version-externally-managed install_data
