[4.180s] Invoking command in '/home/nvidia/f1tenth_ws/src/new_map_saver': PYTHONPATH=/home/nvidia/f1tenth_ws/build/new_map_saver/prefix_override:/usr/lib/python3/dist-packages/colcon_core/task/python/colcon_distutils_commands:/home/nvidia/f1tenth_ws/install/new_map_saver/lib/python3.8/site-packages: /usr/bin/python3 -W ignore:setup.py install is deprecated setup.py egg_info --egg-base ../../build/new_map_saver build --build-base /home/nvidia/f1tenth_ws/build/new_map_saver/build install --record /home/nvidia/f1tenth_ws/build/new_map_saver/install.log --install-scripts $base/lib/new_map_saver --single-version-externally-managed install_data
[5.473s] running egg_info
[5.476s] writing ../../build/new_map_saver/new_map_saver.egg-info/PKG-INFO
[5.476s] writing dependency_links to ../../build/new_map_saver/new_map_saver.egg-info/dependency_links.txt
[5.477s] writing entry points to ../../build/new_map_saver/new_map_saver.egg-info/entry_points.txt
[5.482s] writing requirements to ../../build/new_map_saver/new_map_saver.egg-info/requires.txt
[5.483s] writing top-level names to ../../build/new_map_saver/new_map_saver.egg-info/top_level.txt
[5.667s] reading manifest file '../../build/new_map_saver/new_map_saver.egg-info/SOURCES.txt'
[5.673s] writing manifest file '../../build/new_map_saver/new_map_saver.egg-info/SOURCES.txt'
[5.674s] running build
[5.674s] running build_py
[5.675s] running install
[5.683s] running install_lib
[5.685s] running install_data
[5.689s] running install_egg_info
[5.697s] removing '/home/nvidia/f1tenth_ws/install/new_map_saver/lib/python3.8/site-packages/new_map_saver-0.0.0-py3.8.egg-info' (and everything under it)
[5.698s] Copying ../../build/new_map_saver/new_map_saver.egg-info to /home/nvidia/f1tenth_ws/install/new_map_saver/lib/python3.8/site-packages/new_map_saver-0.0.0-py3.8.egg-info
[5.704s] running install_scripts
[5.804s] writing list of installed files to '/home/nvidia/f1tenth_ws/build/new_map_saver/install.log'
[5.940s] Invoked command in '/home/nvidia/f1tenth_ws/src/new_map_saver' returned '0': PYTHONPATH=/home/nvidia/f1tenth_ws/build/new_map_saver/prefix_override:/usr/lib/python3/dist-packages/colcon_core/task/python/colcon_distutils_commands:/home/nvidia/f1tenth_ws/install/new_map_saver/lib/python3.8/site-packages: /usr/bin/python3 -W ignore:setup.py install is deprecated setup.py egg_info --egg-base ../../build/new_map_saver build --build-base /home/nvidia/f1tenth_ws/build/new_map_saver/build install --record /home/nvidia/f1tenth_ws/build/new_map_saver/install.log --install-scripts $base/lib/new_map_saver --single-version-externally-managed install_data
