[6.488s] Invoking command in '/home/nvidia/f1tenth_ws/src/f1tenth_system/teleop_tools/key_teleop': PYTHONPATH=/home/nvidia/f1tenth_ws/build/key_teleop/prefix_override:/usr/lib/python3/dist-packages/colcon_core/task/python/colcon_distutils_commands:/home/nvidia/f1tenth_ws/install/key_teleop/lib/python3.8/site-packages: /usr/bin/python3 -W ignore:setup.py install is deprecated setup.py egg_info --egg-base ../../../../build/key_teleop build --build-base /home/nvidia/f1tenth_ws/build/key_teleop/build install --record /home/nvidia/f1tenth_ws/build/key_teleop/install.log --install-scripts $base/lib/key_teleop --single-version-externally-managed install_data
[7.770s] running egg_info
[7.773s] writing ../../../../build/key_teleop/key_teleop.egg-info/PKG-INFO
[7.776s] writing dependency_links to ../../../../build/key_teleop/key_teleop.egg-info/dependency_links.txt
[7.777s] writing entry points to ../../../../build/key_teleop/key_teleop.egg-info/entry_points.txt
[7.778s] writing requirements to ../../../../build/key_teleop/key_teleop.egg-info/requires.txt
[7.779s] writing top-level names to ../../../../build/key_teleop/key_teleop.egg-info/top_level.txt
[7.967s] reading manifest file '../../../../build/key_teleop/key_teleop.egg-info/SOURCES.txt'
[7.972s] writing manifest file '../../../../build/key_teleop/key_teleop.egg-info/SOURCES.txt'
[7.973s] running build
[7.973s] running build_py
[7.975s] running install
[7.981s] running install_lib
[7.988s] running install_data
[7.989s] running install_egg_info
[7.997s] removing '/home/nvidia/f1tenth_ws/install/key_teleop/lib/python3.8/site-packages/key_teleop-0.3.0-py3.8.egg-info' (and everything under it)
[7.999s] Copying ../../../../build/key_teleop/key_teleop.egg-info to /home/nvidia/f1tenth_ws/install/key_teleop/lib/python3.8/site-packages/key_teleop-0.3.0-py3.8.egg-info
[8.008s] running install_scripts
[8.115s] Installing key_teleop script to /home/nvidia/f1tenth_ws/install/key_teleop/lib/key_teleop
[8.116s] writing list of installed files to '/home/nvidia/f1tenth_ws/build/key_teleop/install.log'
[8.444s] Invoked command in '/home/nvidia/f1tenth_ws/src/f1tenth_system/teleop_tools/key_teleop' returned '0': PYTHONPATH=/home/nvidia/f1tenth_ws/build/key_teleop/prefix_override:/usr/lib/python3/dist-packages/colcon_core/task/python/colcon_distutils_commands:/home/nvidia/f1tenth_ws/install/key_teleop/lib/python3.8/site-packages: /usr/bin/python3 -W ignore:setup.py install is deprecated setup.py egg_info --egg-base ../../../../build/key_teleop build --build-base /home/nvidia/f1tenth_ws/build/key_teleop/build install --record /home/nvidia/f1tenth_ws/build/key_teleop/install.log --install-scripts $base/lib/key_teleop --single-version-externally-managed install_data
