[9.435s] Invoking command in '/home/nvidia/f1tenth_ws/src/mapping': PYTHONPATH=/home/nvidia/f1tenth_ws/build/mapping/prefix_override:/usr/lib/python3/dist-packages/colcon_core/task/python/colcon_distutils_commands:/home/nvidia/f1tenth_ws/install/mapping/lib/python3.8/site-packages:${PYTHONPATH} /usr/bin/python3 -W ignore:setup.py install is deprecated setup.py egg_info --egg-base ../../build/mapping build --build-base /home/nvidia/f1tenth_ws/build/mapping/build install --record /home/nvidia/f1tenth_ws/build/mapping/install.log --install-scripts $base/lib/mapping --single-version-externally-managed install_data
[11.728s] running egg_info
[11.737s] writing ../../build/mapping/mapping.egg-info/PKG-INFO
[11.748s] writing dependency_links to ../../build/mapping/mapping.egg-info/dependency_links.txt
[11.751s] writing entry points to ../../build/mapping/mapping.egg-info/entry_points.txt
[11.755s] writing requirements to ../../build/mapping/mapping.egg-info/requires.txt
[11.759s] writing top-level names to ../../build/mapping/mapping.egg-info/top_level.txt
[12.050s] reading manifest file '../../build/mapping/mapping.egg-info/SOURCES.txt'
[12.059s] writing manifest file '../../build/mapping/mapping.egg-info/SOURCES.txt'
[12.063s] running build
[12.063s] running build_py
[12.067s] copying mapping/local_mapping_gradient.py -> /home/nvidia/f1tenth_ws/build/mapping/build/lib/mapping
[12.074s] running install
[12.081s] running install_lib
[12.090s] copying /home/nvidia/f1tenth_ws/build/mapping/build/lib/mapping/local_mapping_gradient.py -> /home/nvidia/f1tenth_ws/install/mapping/lib/python3.8/site-packages/mapping
[12.100s] byte-compiling /home/nvidia/f1tenth_ws/install/mapping/lib/python3.8/site-packages/mapping/local_mapping_gradient.py to local_mapping_gradient.cpython-38.pyc
[12.118s] running install_data
[12.121s] running install_egg_info
[12.131s] removing '/home/nvidia/f1tenth_ws/install/mapping/lib/python3.8/site-packages/mapping-0.0.0-py3.8.egg-info' (and everything under it)
[12.150s] Copying ../../build/mapping/mapping.egg-info to /home/nvidia/f1tenth_ws/install/mapping/lib/python3.8/site-packages/mapping-0.0.0-py3.8.egg-info
[12.164s] running install_scripts
[12.358s] Installing local_gradient_node script to /home/nvidia/f1tenth_ws/install/mapping/lib/mapping
[12.364s] Installing local_mapping_node script to /home/nvidia/f1tenth_ws/install/mapping/lib/mapping
[12.367s] writing list of installed files to '/home/nvidia/f1tenth_ws/build/mapping/install.log'
[12.949s] Invoked command in '/home/nvidia/f1tenth_ws/src/mapping' returned '0': PYTHONPATH=/home/nvidia/f1tenth_ws/build/mapping/prefix_override:/usr/lib/python3/dist-packages/colcon_core/task/python/colcon_distutils_commands:/home/nvidia/f1tenth_ws/install/mapping/lib/python3.8/site-packages:${PYTHONPATH} /usr/bin/python3 -W ignore:setup.py install is deprecated setup.py egg_info --egg-base ../../build/mapping build --build-base /home/nvidia/f1tenth_ws/build/mapping/build install --record /home/nvidia/f1tenth_ws/build/mapping/install.log --install-scripts $base/lib/mapping --single-version-externally-managed install_data
