[5.860s] Invoking command in '/home/nvidia/f1tenth_ws/src/new_map_saver': PYTHONPATH=/home/nvidia/f1tenth_ws/build/new_map_saver/prefix_override:/usr/lib/python3/dist-packages/colcon_core/task/python/colcon_distutils_commands:/home/nvidia/f1tenth_ws/install/new_map_saver/lib/python3.8/site-packages: /usr/bin/python3 -W ignore:setup.py install is deprecated setup.py egg_info --egg-base ../../build/new_map_saver build --build-base /home/nvidia/f1tenth_ws/build/new_map_saver/build install --record /home/nvidia/f1tenth_ws/build/new_map_saver/install.log --install-scripts $base/lib/new_map_saver --single-version-externally-managed install_data
[7.349s] running egg_info
[7.368s] writing ../../build/new_map_saver/new_map_saver.egg-info/PKG-INFO
[7.380s] writing dependency_links to ../../build/new_map_saver/new_map_saver.egg-info/dependency_links.txt
[7.391s] writing entry points to ../../build/new_map_saver/new_map_saver.egg-info/entry_points.txt
[7.401s] writing requirements to ../../build/new_map_saver/new_map_saver.egg-info/requires.txt
[7.421s] writing top-level names to ../../build/new_map_saver/new_map_saver.egg-info/top_level.txt
[7.564s] reading manifest file '../../build/new_map_saver/new_map_saver.egg-info/SOURCES.txt'
[7.570s] writing manifest file '../../build/new_map_saver/new_map_saver.egg-info/SOURCES.txt'
[7.570s] running build
[7.571s] running build_py
[7.571s] running install
[7.576s] running install_lib
[7.588s] running install_data
[7.589s] running install_egg_info
[7.605s] removing '/home/nvidia/f1tenth_ws/install/new_map_saver/lib/python3.8/site-packages/new_map_saver-0.0.0-py3.8.egg-info' (and everything under it)
[7.612s] Copying ../../build/new_map_saver/new_map_saver.egg-info to /home/nvidia/f1tenth_ws/install/new_map_saver/lib/python3.8/site-packages/new_map_saver-0.0.0-py3.8.egg-info
[7.642s] running install_scripts
[7.765s] writing list of installed files to '/home/nvidia/f1tenth_ws/build/new_map_saver/install.log'
[7.893s] Invoked command in '/home/nvidia/f1tenth_ws/src/new_map_saver' returned '0': PYTHONPATH=/home/nvidia/f1tenth_ws/build/new_map_saver/prefix_override:/usr/lib/python3/dist-packages/colcon_core/task/python/colcon_distutils_commands:/home/nvidia/f1tenth_ws/install/new_map_saver/lib/python3.8/site-packages: /usr/bin/python3 -W ignore:setup.py install is deprecated setup.py egg_info --egg-base ../../build/new_map_saver build --build-base /home/nvidia/f1tenth_ws/build/new_map_saver/build install --record /home/nvidia/f1tenth_ws/build/new_map_saver/install.log --install-scripts $base/lib/new_map_saver --single-version-externally-managed install_data
