[7.534s] Invoking command in '/home/nvidia/f1tenth_ws/src/new_map_saver': PYTHONPATH=/home/nvidia/f1tenth_ws/build/new_map_saver/prefix_override:/usr/lib/python3/dist-packages/colcon_core/task/python/colcon_distutils_commands:/home/nvidia/f1tenth_ws/install/new_map_saver/lib/python3.8/site-packages:${PYTHONPATH} /usr/bin/python3 -W ignore:setup.py install is deprecated setup.py egg_info --egg-base ../../build/new_map_saver build --build-base /home/nvidia/f1tenth_ws/build/new_map_saver/build install --record /home/nvidia/f1tenth_ws/build/new_map_saver/install.log --install-scripts $base/lib/new_map_saver --single-version-externally-managed install_data
[9.041s] running egg_info
[9.042s] writing ../../build/new_map_saver/new_map_saver.egg-info/PKG-INFO
[9.042s] writing dependency_links to ../../build/new_map_saver/new_map_saver.egg-info/dependency_links.txt
[9.042s] writing entry points to ../../build/new_map_saver/new_map_saver.egg-info/entry_points.txt
[9.043s] writing requirements to ../../build/new_map_saver/new_map_saver.egg-info/requires.txt
[9.043s] writing top-level names to ../../build/new_map_saver/new_map_saver.egg-info/top_level.txt
[9.231s] reading manifest file '../../build/new_map_saver/new_map_saver.egg-info/SOURCES.txt'
[9.239s] writing manifest file '../../build/new_map_saver/new_map_saver.egg-info/SOURCES.txt'
[9.260s] running build
[9.260s] running build_py
[9.261s] running install
[9.281s] running install_lib
[9.285s] running install_data
[9.286s] running install_egg_info
[9.303s] removing '/home/nvidia/f1tenth_ws/install/new_map_saver/lib/python3.8/site-packages/new_map_saver-0.0.0-py3.8.egg-info' (and everything under it)
[9.304s] Copying ../../build/new_map_saver/new_map_saver.egg-info to /home/nvidia/f1tenth_ws/install/new_map_saver/lib/python3.8/site-packages/new_map_saver-0.0.0-py3.8.egg-info
[9.318s] running install_scripts
[9.376s] writing list of installed files to '/home/nvidia/f1tenth_ws/build/new_map_saver/install.log'
[9.544s] Invoked command in '/home/nvidia/f1tenth_ws/src/new_map_saver' returned '0': PYTHONPATH=/home/nvidia/f1tenth_ws/build/new_map_saver/prefix_override:/usr/lib/python3/dist-packages/colcon_core/task/python/colcon_distutils_commands:/home/nvidia/f1tenth_ws/install/new_map_saver/lib/python3.8/site-packages:${PYTHONPATH} /usr/bin/python3 -W ignore:setup.py install is deprecated setup.py egg_info --egg-base ../../build/new_map_saver build --build-base /home/nvidia/f1tenth_ws/build/new_map_saver/build install --record /home/nvidia/f1tenth_ws/build/new_map_saver/install.log --install-scripts $base/lib/new_map_saver --single-version-externally-managed install_data
