[7.904s] Invoking command in '/home/nvidia/f1tenth_ws/src/f1tenth_system/teleop_tools/key_teleop': PYTHONPATH=/home/nvidia/f1tenth_ws/build/key_teleop/prefix_override:/usr/lib/python3/dist-packages/colcon_core/task/python/colcon_distutils_commands:/home/nvidia/f1tenth_ws/install/key_teleop/lib/python3.8/site-packages: /usr/bin/python3 -W ignore:setup.py install is deprecated setup.py egg_info --egg-base ../../../../build/key_teleop build --build-base /home/nvidia/f1tenth_ws/build/key_teleop/build install --record /home/nvidia/f1tenth_ws/build/key_teleop/install.log --install-scripts $base/lib/key_teleop --single-version-externally-managed install_data
[9.779s] running egg_info
[9.786s] writing ../../../../build/key_teleop/key_teleop.egg-info/PKG-INFO
[9.789s] writing dependency_links to ../../../../build/key_teleop/key_teleop.egg-info/dependency_links.txt
[9.790s] writing entry points to ../../../../build/key_teleop/key_teleop.egg-info/entry_points.txt
[9.793s] writing requirements to ../../../../build/key_teleop/key_teleop.egg-info/requires.txt
[9.796s] writing top-level names to ../../../../build/key_teleop/key_teleop.egg-info/top_level.txt
[10.199s] reading manifest file '../../../../build/key_teleop/key_teleop.egg-info/SOURCES.txt'
[10.215s] writing manifest file '../../../../build/key_teleop/key_teleop.egg-info/SOURCES.txt'
[10.220s] running build
[10.221s] running build_py
[10.222s] running install
[10.223s] running install_lib
[10.232s] running install_data
[10.233s] running install_egg_info
[10.269s] removing '/home/nvidia/f1tenth_ws/install/key_teleop/lib/python3.8/site-packages/key_teleop-0.3.0-py3.8.egg-info' (and everything under it)
[10.284s] Copying ../../../../build/key_teleop/key_teleop.egg-info to /home/nvidia/f1tenth_ws/install/key_teleop/lib/python3.8/site-packages/key_teleop-0.3.0-py3.8.egg-info
[10.285s] running install_scripts
[10.457s] Installing key_teleop script to /home/nvidia/f1tenth_ws/install/key_teleop/lib/key_teleop
[10.459s] writing list of installed files to '/home/nvidia/f1tenth_ws/build/key_teleop/install.log'
[10.749s] Invoked command in '/home/nvidia/f1tenth_ws/src/f1tenth_system/teleop_tools/key_teleop' returned '0': PYTHONPATH=/home/nvidia/f1tenth_ws/build/key_teleop/prefix_override:/usr/lib/python3/dist-packages/colcon_core/task/python/colcon_distutils_commands:/home/nvidia/f1tenth_ws/install/key_teleop/lib/python3.8/site-packages: /usr/bin/python3 -W ignore:setup.py install is deprecated setup.py egg_info --egg-base ../../../../build/key_teleop build --build-base /home/nvidia/f1tenth_ws/build/key_teleop/build install --record /home/nvidia/f1tenth_ws/build/key_teleop/install.log --install-scripts $base/lib/key_teleop --single-version-externally-managed install_data
