[5.294s] Invoking command in '/home/nvidia/f1tenth_ws/src/f1tenth_system/teleop_tools/mouse_teleop': PYTHONPATH=/home/nvidia/f1tenth_ws/build/mouse_teleop/prefix_override:/usr/lib/python3/dist-packages/colcon_core/task/python/colcon_distutils_commands:/home/nvidia/f1tenth_ws/install/mouse_teleop/lib/python3.8/site-packages:${PYTHONPATH} /usr/bin/python3 -W ignore:setup.py install is deprecated setup.py egg_info --egg-base ../../../../build/mouse_teleop build --build-base /home/nvidia/f1tenth_ws/build/mouse_teleop/build install --record /home/nvidia/f1tenth_ws/build/mouse_teleop/install.log --install-scripts $base/lib/mouse_teleop --single-version-externally-managed install_data
[6.569s] running egg_info
[6.570s] creating ../../../../build/mouse_teleop/mouse_teleop.egg-info
[6.570s] writing ../../../../build/mouse_teleop/mouse_teleop.egg-info/PKG-INFO
[6.570s] writing dependency_links to ../../../../build/mouse_teleop/mouse_teleop.egg-info/dependency_links.txt
[6.571s] writing entry points to ../../../../build/mouse_teleop/mouse_teleop.egg-info/entry_points.txt
[6.571s] writing requirements to ../../../../build/mouse_teleop/mouse_teleop.egg-info/requires.txt
[6.572s] writing top-level names to ../../../../build/mouse_teleop/mouse_teleop.egg-info/top_level.txt
[6.577s] writing manifest file '../../../../build/mouse_teleop/mouse_teleop.egg-info/SOURCES.txt'
[6.769s] reading manifest file '../../../../build/mouse_teleop/mouse_teleop.egg-info/SOURCES.txt'
[6.773s] writing manifest file '../../../../build/mouse_teleop/mouse_teleop.egg-info/SOURCES.txt'
[6.774s] running build
[6.774s] running build_py
[6.775s] creating /home/nvidia/f1tenth_ws/build/mouse_teleop/build
[6.775s] creating /home/nvidia/f1tenth_ws/build/mouse_teleop/build/lib
[6.776s] creating /home/nvidia/f1tenth_ws/build/mouse_teleop/build/lib/mouse_teleop
[6.777s] copying mouse_teleop/__init__.py -> /home/nvidia/f1tenth_ws/build/mouse_teleop/build/lib/mouse_teleop
[6.777s] copying mouse_teleop/mouse_teleop.py -> /home/nvidia/f1tenth_ws/build/mouse_teleop/build/lib/mouse_teleop
[6.777s] running install
[6.781s] running install_lib
[6.787s] creating /home/nvidia/f1tenth_ws/install/mouse_teleop/lib/python3.8/site-packages/mouse_teleop
[6.788s] copying /home/nvidia/f1tenth_ws/build/mouse_teleop/build/lib/mouse_teleop/__init__.py -> /home/nvidia/f1tenth_ws/install/mouse_teleop/lib/python3.8/site-packages/mouse_teleop
[6.788s] copying /home/nvidia/f1tenth_ws/build/mouse_teleop/build/lib/mouse_teleop/mouse_teleop.py -> /home/nvidia/f1tenth_ws/install/mouse_teleop/lib/python3.8/site-packages/mouse_teleop
[6.791s] byte-compiling /home/nvidia/f1tenth_ws/install/mouse_teleop/lib/python3.8/site-packages/mouse_teleop/__init__.py to __init__.cpython-38.pyc
[6.798s] byte-compiling /home/nvidia/f1tenth_ws/install/mouse_teleop/lib/python3.8/site-packages/mouse_teleop/mouse_teleop.py to mouse_teleop.cpython-38.pyc
[6.807s] running install_data
[6.807s] copying package.xml -> /home/nvidia/f1tenth_ws/install/mouse_teleop/share/mouse_teleop
[6.808s] creating /home/nvidia/f1tenth_ws/install/mouse_teleop/share/mouse_teleop/config
[6.809s] copying config/mouse_teleop.yaml -> /home/nvidia/f1tenth_ws/install/mouse_teleop/share/mouse_teleop/config
[6.810s] creating /home/nvidia/f1tenth_ws/install/mouse_teleop/share/mouse_teleop/launch
[6.811s] copying launch/mouse_teleop.launch.py -> /home/nvidia/f1tenth_ws/install/mouse_teleop/share/mouse_teleop/launch
[6.812s] creating /home/nvidia/f1tenth_ws/install/mouse_teleop/share/ament_index
[6.813s] creating /home/nvidia/f1tenth_ws/install/mouse_teleop/share/ament_index/resource_index
[6.813s] creating /home/nvidia/f1tenth_ws/install/mouse_teleop/share/ament_index/resource_index/packages
[6.814s] copying resource/mouse_teleop -> /home/nvidia/f1tenth_ws/install/mouse_teleop/share/ament_index/resource_index/packages
[6.814s] running install_egg_info
[6.822s] Copying ../../../../build/mouse_teleop/mouse_teleop.egg-info to /home/nvidia/f1tenth_ws/install/mouse_teleop/lib/python3.8/site-packages/mouse_teleop-0.3.0-py3.8.egg-info
[6.829s] running install_scripts
[6.929s] Installing mouse_teleop script to /home/nvidia/f1tenth_ws/install/mouse_teleop/lib/mouse_teleop
[6.932s] writing list of installed files to '/home/nvidia/f1tenth_ws/build/mouse_teleop/install.log'
[7.055s] Invoked command in '/home/nvidia/f1tenth_ws/src/f1tenth_system/teleop_tools/mouse_teleop' returned '0': PYTHONPATH=/home/nvidia/f1tenth_ws/build/mouse_teleop/prefix_override:/usr/lib/python3/dist-packages/colcon_core/task/python/colcon_distutils_commands:/home/nvidia/f1tenth_ws/install/mouse_teleop/lib/python3.8/site-packages:${PYTHONPATH} /usr/bin/python3 -W ignore:setup.py install is deprecated setup.py egg_info --egg-base ../../../../build/mouse_teleop build --build-base /home/nvidia/f1tenth_ws/build/mouse_teleop/build install --record /home/nvidia/f1tenth_ws/build/mouse_teleop/install.log --install-scripts $base/lib/mouse_teleop --single-version-externally-managed install_data
