[7.032s] Invoking command in '/home/nvidia/f1tenth_ws/src/mapping': PYTHONPATH=/home/nvidia/f1tenth_ws/build/mapping/prefix_override:/usr/lib/python3/dist-packages/colcon_core/task/python/colcon_distutils_commands:/home/nvidia/f1tenth_ws/install/mapping/lib/python3.8/site-packages: /usr/bin/python3 -W ignore:setup.py install is deprecated setup.py egg_info --egg-base ../../build/mapping build --build-base /home/nvidia/f1tenth_ws/build/mapping/build install --record /home/nvidia/f1tenth_ws/build/mapping/install.log --install-scripts $base/lib/mapping --single-version-externally-managed install_data
[8.811s] running egg_info
[8.815s] writing ../../build/mapping/mapping.egg-info/PKG-INFO
[8.817s] writing dependency_links to ../../build/mapping/mapping.egg-info/dependency_links.txt
[8.818s] writing entry points to ../../build/mapping/mapping.egg-info/entry_points.txt
[8.820s] writing requirements to ../../build/mapping/mapping.egg-info/requires.txt
[8.821s] writing top-level names to ../../build/mapping/mapping.egg-info/top_level.txt
[9.140s] reading manifest file '../../build/mapping/mapping.egg-info/SOURCES.txt'
[9.152s] writing manifest file '../../build/mapping/mapping.egg-info/SOURCES.txt'
[9.164s] running build
[9.165s] running build_py
[9.168s] running install
[9.179s] running install_lib
[9.211s] running install_data
[9.212s] running install_egg_info
[9.223s] removing '/home/nvidia/f1tenth_ws/install/mapping/lib/python3.8/site-packages/mapping-0.0.0-py3.8.egg-info' (and everything under it)
[9.250s] Copying ../../build/mapping/mapping.egg-info to /home/nvidia/f1tenth_ws/install/mapping/lib/python3.8/site-packages/mapping-0.0.0-py3.8.egg-info
[9.272s] running install_scripts
[9.407s] Installing local_gradient_node script to /home/nvidia/f1tenth_ws/install/mapping/lib/mapping
[9.412s] Installing local_mapping_node script to /home/nvidia/f1tenth_ws/install/mapping/lib/mapping
[9.417s] writing list of installed files to '/home/nvidia/f1tenth_ws/build/mapping/install.log'
[9.931s] Invoked command in '/home/nvidia/f1tenth_ws/src/mapping' returned '0': PYTHONPATH=/home/nvidia/f1tenth_ws/build/mapping/prefix_override:/usr/lib/python3/dist-packages/colcon_core/task/python/colcon_distutils_commands:/home/nvidia/f1tenth_ws/install/mapping/lib/python3.8/site-packages: /usr/bin/python3 -W ignore:setup.py install is deprecated setup.py egg_info --egg-base ../../build/mapping build --build-base /home/nvidia/f1tenth_ws/build/mapping/build install --record /home/nvidia/f1tenth_ws/build/mapping/install.log --install-scripts $base/lib/mapping --single-version-externally-managed install_data
