[6.255s] Invoking command in '/home/nvidia/f1tenth_ws/src/f1tenth_system/teleop_tools/key_teleop': PYTHONPATH=/home/nvidia/f1tenth_ws/build/key_teleop/prefix_override:/usr/lib/python3/dist-packages/colcon_core/task/python/colcon_distutils_commands:/home/nvidia/f1tenth_ws/install/key_teleop/lib/python3.8/site-packages: /usr/bin/python3 -W ignore:setup.py install is deprecated setup.py egg_info --egg-base ../../../../build/key_teleop build --build-base /home/nvidia/f1tenth_ws/build/key_teleop/build install --record /home/nvidia/f1tenth_ws/build/key_teleop/install.log --install-scripts $base/lib/key_teleop --single-version-externally-managed install_data
[7.376s] running egg_info
[7.380s] writing ../../../../build/key_teleop/key_teleop.egg-info/PKG-INFO
[7.383s] writing dependency_links to ../../../../build/key_teleop/key_teleop.egg-info/dependency_links.txt
[7.385s] writing entry points to ../../../../build/key_teleop/key_teleop.egg-info/entry_points.txt
[7.389s] writing requirements to ../../../../build/key_teleop/key_teleop.egg-info/requires.txt
[7.390s] writing top-level names to ../../../../build/key_teleop/key_teleop.egg-info/top_level.txt
[7.587s] reading manifest file '../../../../build/key_teleop/key_teleop.egg-info/SOURCES.txt'
[7.603s] writing manifest file '../../../../build/key_teleop/key_teleop.egg-info/SOURCES.txt'
[7.605s] running build
[7.605s] running build_py
[7.606s] running install
[7.606s] running install_lib
[7.618s] running install_data
[7.622s] running install_egg_info
[7.626s] removing '/home/nvidia/f1tenth_ws/install/key_teleop/lib/python3.8/site-packages/key_teleop-0.3.0-py3.8.egg-info' (and everything under it)
[7.627s] Copying ../../../../build/key_teleop/key_teleop.egg-info to /home/nvidia/f1tenth_ws/install/key_teleop/lib/python3.8/site-packages/key_teleop-0.3.0-py3.8.egg-info
[7.639s] running install_scripts
[7.735s] Installing key_teleop script to /home/nvidia/f1tenth_ws/install/key_teleop/lib/key_teleop
[7.736s] writing list of installed files to '/home/nvidia/f1tenth_ws/build/key_teleop/install.log'
[7.920s] Invoked command in '/home/nvidia/f1tenth_ws/src/f1tenth_system/teleop_tools/key_teleop' returned '0': PYTHONPATH=/home/nvidia/f1tenth_ws/build/key_teleop/prefix_override:/usr/lib/python3/dist-packages/colcon_core/task/python/colcon_distutils_commands:/home/nvidia/f1tenth_ws/install/key_teleop/lib/python3.8/site-packages: /usr/bin/python3 -W ignore:setup.py install is deprecated setup.py egg_info --egg-base ../../../../build/key_teleop build --build-base /home/nvidia/f1tenth_ws/build/key_teleop/build install --record /home/nvidia/f1tenth_ws/build/key_teleop/install.log --install-scripts $base/lib/key_teleop --single-version-externally-managed install_data
