[1.065s] DEBUG:colcon:Command line arguments: ['/usr/bin/colcon', 'build']
[1.066s] DEBUG:colcon:Parsed command line arguments: Namespace(allow_overriding=[], ament_cmake_args=None, base_paths=['.'], build_base='build', catkin_cmake_args=None, catkin_skip_building_tests=False, cmake_args=None, cmake_clean_cache=False, cmake_clean_first=False, cmake_force_configure=False, cmake_target=None, cmake_target_skip_unavailable=False, continue_on_error=False, event_handlers=None, executor='parallel', ignore_user_meta=False, install_base='install', log_base=None, log_level=None, main=<bound method BuildVerb.main of <colcon_core.verb.build.BuildVerb object at 0xffff84f08e20>>, merge_install=False, metas=['./colcon.meta'], packages_above=None, packages_above_and_dependencies=None, packages_above_depth=None, packages_end=None, packages_ignore=None, packages_ignore_regex=None, packages_select=None, packages_select_build_failed=False, packages_select_by_dep=None, packages_select_regex=None, packages_select_test_failures=False, packages_skip=None, packages_skip_build_finished=False, packages_skip_by_dep=None, packages_skip_regex=None, packages_skip_test_passed=False, packages_skip_up_to=None, packages_start=None, packages_up_to=None, packages_up_to_regex=None, parallel_workers=6, paths=None, symlink_install=False, test_result_base=None, verb_extension=<colcon_core.verb.build.BuildVerb object at 0xffff84f08e20>, verb_name='build', verb_parser=<colcon_defaults.argument_parser.defaults.DefaultArgumentsDecorator object at 0xffff84f19220>)
[1.893s] Level 1:colcon.colcon_core.package_discovery:discover_packages(colcon_meta) check parameters
[1.894s] Level 1:colcon.colcon_core.package_discovery:discover_packages(recursive) check parameters
[1.894s] Level 1:colcon.colcon_core.package_discovery:discover_packages(ignore) check parameters
[1.894s] Level 1:colcon.colcon_core.package_discovery:discover_packages(path) check parameters
[1.894s] Level 1:colcon.colcon_core.package_discovery:discover_packages(colcon_meta) discover
[1.895s] Level 1:colcon.colcon_core.package_discovery:discover_packages(recursive) discover
[1.895s] INFO:colcon.colcon_core.package_discovery:Crawling recursively for packages in '/home/nvidia/f1tenth_ws'
[1.896s] Level 1:colcon.colcon_core.package_identification:_identify(.) by extensions ['ignore', 'ignore_ament_install']
[1.896s] Level 1:colcon.colcon_core.package_identification:_identify(.) by extension 'ignore'
[1.896s] Level 1:colcon.colcon_core.package_identification:_identify(.) by extension 'ignore_ament_install'
[1.897s] Level 1:colcon.colcon_core.package_identification:_identify(.) by extensions ['colcon_pkg']
[1.897s] Level 1:colcon.colcon_core.package_identification:_identify(.) by extension 'colcon_pkg'
[1.897s] Level 1:colcon.colcon_core.package_identification:_identify(.) by extensions ['colcon_meta']
[1.897s] Level 1:colcon.colcon_core.package_identification:_identify(.) by extension 'colcon_meta'
[1.898s] Level 1:colcon.colcon_core.package_identification:_identify(.) by extensions ['ros']
[1.898s] Level 1:colcon.colcon_core.package_identification:_identify(.) by extension 'ros'
[1.956s] Level 1:colcon.colcon_core.package_identification:_identify(.) by extensions ['cmake', 'python']
[1.956s] Level 1:colcon.colcon_core.package_identification:_identify(.) by extension 'cmake'
[1.957s] Level 1:colcon.colcon_core.package_identification:_identify(.) by extension 'python'
[1.957s] Level 1:colcon.colcon_core.package_identification:_identify(.) by extensions ['python_setup_py']
[1.957s] Level 1:colcon.colcon_core.package_identification:_identify(.) by extension 'python_setup_py'
[1.958s] Level 1:colcon.colcon_core.package_identification:_identify(build) by extensions ['ignore', 'ignore_ament_install']
[1.958s] Level 1:colcon.colcon_core.package_identification:_identify(build) by extension 'ignore'
[1.959s] Level 1:colcon.colcon_core.package_identification:_identify(build) ignored
[1.959s] Level 1:colcon.colcon_core.package_identification:_identify(install) by extensions ['ignore', 'ignore_ament_install']
[1.960s] Level 1:colcon.colcon_core.package_identification:_identify(install) by extension 'ignore'
[1.960s] Level 1:colcon.colcon_core.package_identification:_identify(install) ignored
[1.961s] Level 1:colcon.colcon_core.package_identification:_identify(log) by extensions ['ignore', 'ignore_ament_install']
[1.961s] Level 1:colcon.colcon_core.package_identification:_identify(log) by extension 'ignore'
[1.961s] Level 1:colcon.colcon_core.package_identification:_identify(log) ignored
[1.962s] Level 1:colcon.colcon_core.package_identification:_identify(src) by extensions ['ignore', 'ignore_ament_install']
[1.962s] Level 1:colcon.colcon_core.package_identification:_identify(src) by extension 'ignore'
[1.963s] Level 1:colcon.colcon_core.package_identification:_identify(src) by extension 'ignore_ament_install'
[1.963s] Level 1:colcon.colcon_core.package_identification:_identify(src) by extensions ['colcon_pkg']
[1.963s] Level 1:colcon.colcon_core.package_identification:_identify(src) by extension 'colcon_pkg'
[1.963s] Level 1:colcon.colcon_core.package_identification:_identify(src) by extensions ['colcon_meta']
[1.963s] Level 1:colcon.colcon_core.package_identification:_identify(src) by extension 'colcon_meta'
[1.964s] Level 1:colcon.colcon_core.package_identification:_identify(src) by extensions ['ros']
[1.964s] Level 1:colcon.colcon_core.package_identification:_identify(src) by extension 'ros'
[1.964s] Level 1:colcon.colcon_core.package_identification:_identify(src) by extensions ['cmake', 'python']
[1.965s] Level 1:colcon.colcon_core.package_identification:_identify(src) by extension 'cmake'
[1.965s] Level 1:colcon.colcon_core.package_identification:_identify(src) by extension 'python'
[1.965s] Level 1:colcon.colcon_core.package_identification:_identify(src) by extensions ['python_setup_py']
[1.965s] Level 1:colcon.colcon_core.package_identification:_identify(src) by extension 'python_setup_py'
[1.966s] Level 1:colcon.colcon_core.package_discovery:discover_packages(recursive) using defaults
[1.966s] Level 1:colcon.colcon_core.package_discovery:discover_packages(ignore) discover
[1.966s] Level 1:colcon.colcon_core.package_discovery:discover_packages(ignore) using defaults
[1.966s] Level 1:colcon.colcon_core.package_discovery:discover_packages(path) discover
[1.966s] Level 1:colcon.colcon_core.package_discovery:discover_packages(path) using defaults
[2.040s] Level 1:colcon.colcon_core.package_discovery:discover_packages(prefix_path) check parameters
[2.040s] Level 1:colcon.colcon_core.package_discovery:discover_packages(prefix_path) discover
[2.056s] DEBUG:colcon.colcon_installed_package_information.package_discovery:Found 256 installed packages in /opt/ros/foxy
[2.069s] Level 1:colcon.colcon_core.package_discovery:discover_packages(prefix_path) using defaults
[2.382s] INFO:colcon.colcon_core.executor:Executing jobs using 'parallel' executor
[2.387s] DEBUG:colcon.colcon_parallel_executor.executor.parallel:run_until_complete
[2.388s] DEBUG:colcon.colcon_parallel_executor.executor.parallel:closing loop
[2.388s] DEBUG:colcon.colcon_parallel_executor.executor.parallel:loop closed
[2.389s] DEBUG:colcon.colcon_parallel_executor.executor.parallel:run_until_complete finished with '0'
[2.389s] DEBUG:colcon.colcon_core.event_reactor:joining thread
[2.413s] INFO:colcon.colcon_core.plugin_system:Skipping extension 'colcon_notification.desktop_notification.terminal_notifier': Not used on non-Darwin systems
[2.413s] INFO:colcon.colcon_core.plugin_system:Skipping extension 'colcon_notification.desktop_notification.win32': Not used on non-Windows systems
[2.413s] INFO:colcon.colcon_notification.desktop_notification:Sending desktop notification using 'notify2'
[2.538s] DEBUG:colcon.colcon_core.event_reactor:joined thread
[2.549s] INFO:colcon.colcon_core.plugin_system:Skipping extension 'colcon_core.shell.bat': Not used on non-Windows systems
[2.550s] INFO:colcon.colcon_core.shell:Creating prefix script '/home/nvidia/f1tenth_ws/install/local_setup.ps1'
[2.555s] INFO:colcon.colcon_core.shell:Creating prefix util module '/home/nvidia/f1tenth_ws/install/_local_setup_util_ps1.py'
[2.560s] INFO:colcon.colcon_core.shell:Creating prefix chain script '/home/nvidia/f1tenth_ws/install/setup.ps1'
[2.564s] INFO:colcon.colcon_core.shell:Creating prefix script '/home/nvidia/f1tenth_ws/install/local_setup.sh'
[2.567s] INFO:colcon.colcon_core.shell:Creating prefix util module '/home/nvidia/f1tenth_ws/install/_local_setup_util_sh.py'
[2.569s] INFO:colcon.colcon_core.shell:Creating prefix chain script '/home/nvidia/f1tenth_ws/install/setup.sh'
[2.573s] INFO:colcon.colcon_core.shell:Creating prefix script '/home/nvidia/f1tenth_ws/install/local_setup.bash'
[2.576s] INFO:colcon.colcon_core.shell:Creating prefix chain script '/home/nvidia/f1tenth_ws/install/setup.bash'
[2.579s] INFO:colcon.colcon_core.shell:Creating prefix script '/home/nvidia/f1tenth_ws/install/local_setup.zsh'
[2.581s] INFO:colcon.colcon_core.shell:Creating prefix chain script '/home/nvidia/f1tenth_ws/install/setup.zsh'
