[8.776s] Invoking command in '/home/nvidia/f1tenth_ws/src/f1tenth_system/teleop_tools/key_teleop': PYTHONPATH=/home/nvidia/f1tenth_ws/build/key_teleop/prefix_override:/usr/lib/python3/dist-packages/colcon_core/task/python/colcon_distutils_commands:/home/nvidia/f1tenth_ws/install/key_teleop/lib/python3.8/site-packages:${PYTHONPATH} /usr/bin/python3 -W ignore:setup.py install is deprecated setup.py egg_info --egg-base ../../../../build/key_teleop build --build-base /home/nvidia/f1tenth_ws/build/key_teleop/build install --record /home/nvidia/f1tenth_ws/build/key_teleop/install.log --install-scripts $base/lib/key_teleop --single-version-externally-managed install_data
[10.213s] running egg_info
[10.214s] writing ../../../../build/key_teleop/key_teleop.egg-info/PKG-INFO
[10.214s] writing dependency_links to ../../../../build/key_teleop/key_teleop.egg-info/dependency_links.txt
[10.215s] writing entry points to ../../../../build/key_teleop/key_teleop.egg-info/entry_points.txt
[10.215s] writing requirements to ../../../../build/key_teleop/key_teleop.egg-info/requires.txt
[10.216s] writing top-level names to ../../../../build/key_teleop/key_teleop.egg-info/top_level.txt
[10.436s] reading manifest file '../../../../build/key_teleop/key_teleop.egg-info/SOURCES.txt'
[10.437s] writing manifest file '../../../../build/key_teleop/key_teleop.egg-info/SOURCES.txt'
[10.438s] running build
[10.438s] running build_py
[10.439s] running install
[10.462s] running install_lib
[10.463s] running install_data
[10.463s] running install_egg_info
[10.479s] removing '/home/nvidia/f1tenth_ws/install/key_teleop/lib/python3.8/site-packages/key_teleop-0.3.0-py3.8.egg-info' (and everything under it)
[10.481s] Copying ../../../../build/key_teleop/key_teleop.egg-info to /home/nvidia/f1tenth_ws/install/key_teleop/lib/python3.8/site-packages/key_teleop-0.3.0-py3.8.egg-info
[10.483s] running install_scripts
[10.613s] Installing key_teleop script to /home/nvidia/f1tenth_ws/install/key_teleop/lib/key_teleop
[10.613s] writing list of installed files to '/home/nvidia/f1tenth_ws/build/key_teleop/install.log'
[10.734s] Invoked command in '/home/nvidia/f1tenth_ws/src/f1tenth_system/teleop_tools/key_teleop' returned '0': PYTHONPATH=/home/nvidia/f1tenth_ws/build/key_teleop/prefix_override:/usr/lib/python3/dist-packages/colcon_core/task/python/colcon_distutils_commands:/home/nvidia/f1tenth_ws/install/key_teleop/lib/python3.8/site-packages:${PYTHONPATH} /usr/bin/python3 -W ignore:setup.py install is deprecated setup.py egg_info --egg-base ../../../../build/key_teleop build --build-base /home/nvidia/f1tenth_ws/build/key_teleop/build install --record /home/nvidia/f1tenth_ws/build/key_teleop/install.log --install-scripts $base/lib/key_teleop --single-version-externally-managed install_data
