[6.804s] Invoking command in '/home/nvidia/f1tenth_ws/src/new_map_saver': PYTHONPATH=/home/nvidia/f1tenth_ws/build/new_map_saver/prefix_override:/usr/lib/python3/dist-packages/colcon_core/task/python/colcon_distutils_commands:/home/nvidia/f1tenth_ws/install/new_map_saver/lib/python3.8/site-packages: /usr/bin/python3 -W ignore:setup.py install is deprecated setup.py egg_info --egg-base ../../build/new_map_saver build --build-base /home/nvidia/f1tenth_ws/build/new_map_saver/build install --record /home/nvidia/f1tenth_ws/build/new_map_saver/install.log --install-scripts $base/lib/new_map_saver --single-version-externally-managed install_data
[8.610s] running egg_info
[8.618s] writing ../../build/new_map_saver/new_map_saver.egg-info/PKG-INFO
[8.623s] writing dependency_links to ../../build/new_map_saver/new_map_saver.egg-info/dependency_links.txt
[8.628s] writing entry points to ../../build/new_map_saver/new_map_saver.egg-info/entry_points.txt
[8.633s] writing requirements to ../../build/new_map_saver/new_map_saver.egg-info/requires.txt
[8.637s] writing top-level names to ../../build/new_map_saver/new_map_saver.egg-info/top_level.txt
[8.898s] reading manifest file '../../build/new_map_saver/new_map_saver.egg-info/SOURCES.txt'
[8.902s] writing manifest file '../../build/new_map_saver/new_map_saver.egg-info/SOURCES.txt'
[8.903s] running build
[8.903s] running build_py
[8.917s] running install
[8.938s] running install_lib
[8.938s] running install_data
[8.939s] running install_egg_info
[8.951s] removing '/home/nvidia/f1tenth_ws/install/new_map_saver/lib/python3.8/site-packages/new_map_saver-0.0.0-py3.8.egg-info' (and everything under it)
[8.959s] Copying ../../build/new_map_saver/new_map_saver.egg-info to /home/nvidia/f1tenth_ws/install/new_map_saver/lib/python3.8/site-packages/new_map_saver-0.0.0-py3.8.egg-info
[8.984s] running install_scripts
[9.108s] writing list of installed files to '/home/nvidia/f1tenth_ws/build/new_map_saver/install.log'
[9.243s] Invoked command in '/home/nvidia/f1tenth_ws/src/new_map_saver' returned '0': PYTHONPATH=/home/nvidia/f1tenth_ws/build/new_map_saver/prefix_override:/usr/lib/python3/dist-packages/colcon_core/task/python/colcon_distutils_commands:/home/nvidia/f1tenth_ws/install/new_map_saver/lib/python3.8/site-packages: /usr/bin/python3 -W ignore:setup.py install is deprecated setup.py egg_info --egg-base ../../build/new_map_saver build --build-base /home/nvidia/f1tenth_ws/build/new_map_saver/build install --record /home/nvidia/f1tenth_ws/build/new_map_saver/install.log --install-scripts $base/lib/new_map_saver --single-version-externally-managed install_data
