[7.976s] Invoking command in '/home/nvidia/f1tenth_ws/src/f1tenth_system/teleop_tools/key_teleop': PYTHONPATH=/home/nvidia/f1tenth_ws/build/key_teleop/prefix_override:/usr/lib/python3/dist-packages/colcon_core/task/python/colcon_distutils_commands:/home/nvidia/f1tenth_ws/install/key_teleop/lib/python3.8/site-packages:${PYTHONPATH} /usr/bin/python3 -W ignore:setup.py install is deprecated setup.py egg_info --egg-base ../../../../build/key_teleop build --build-base /home/nvidia/f1tenth_ws/build/key_teleop/build install --record /home/nvidia/f1tenth_ws/build/key_teleop/install.log --install-scripts $base/lib/key_teleop --single-version-externally-managed install_data
[11.545s] running egg_info
[11.548s] writing ../../../../build/key_teleop/key_teleop.egg-info/PKG-INFO
[11.550s] writing dependency_links to ../../../../build/key_teleop/key_teleop.egg-info/dependency_links.txt
[11.564s] writing entry points to ../../../../build/key_teleop/key_teleop.egg-info/entry_points.txt
[11.565s] writing requirements to ../../../../build/key_teleop/key_teleop.egg-info/requires.txt
[11.566s] writing top-level names to ../../../../build/key_teleop/key_teleop.egg-info/top_level.txt
[11.976s] reading manifest file '../../../../build/key_teleop/key_teleop.egg-info/SOURCES.txt'
[11.997s] writing manifest file '../../../../build/key_teleop/key_teleop.egg-info/SOURCES.txt'
[11.999s] running build
[12.000s] running build_py
[12.003s] running install
[12.019s] running install_lib
[12.027s] running install_data
[12.040s] running install_egg_info
[12.048s] removing '/home/nvidia/f1tenth_ws/install/key_teleop/lib/python3.8/site-packages/key_teleop-0.3.0-py3.8.egg-info' (and everything under it)
[12.050s] Copying ../../../../build/key_teleop/key_teleop.egg-info to /home/nvidia/f1tenth_ws/install/key_teleop/lib/python3.8/site-packages/key_teleop-0.3.0-py3.8.egg-info
[12.070s] running install_scripts
[12.304s] Installing key_teleop script to /home/nvidia/f1tenth_ws/install/key_teleop/lib/key_teleop
[12.306s] writing list of installed files to '/home/nvidia/f1tenth_ws/build/key_teleop/install.log'
[12.685s] Invoked command in '/home/nvidia/f1tenth_ws/src/f1tenth_system/teleop_tools/key_teleop' returned '0': PYTHONPATH=/home/nvidia/f1tenth_ws/build/key_teleop/prefix_override:/usr/lib/python3/dist-packages/colcon_core/task/python/colcon_distutils_commands:/home/nvidia/f1tenth_ws/install/key_teleop/lib/python3.8/site-packages:${PYTHONPATH} /usr/bin/python3 -W ignore:setup.py install is deprecated setup.py egg_info --egg-base ../../../../build/key_teleop build --build-base /home/nvidia/f1tenth_ws/build/key_teleop/build install --record /home/nvidia/f1tenth_ws/build/key_teleop/install.log --install-scripts $base/lib/key_teleop --single-version-externally-managed install_data
