[0.273s] Invoking command in '/home/nvidia/f1tenth_ws/build/range_lib': /usr/bin/cmake /home/nvidia/f1tenth_ws/range_libc -DCMAKE_INSTALL_PREFIX=/home/nvidia/f1tenth_ws/install/range_lib
[0.893s] -- The C compiler identification is GNU 9.4.0
[1.420s] -- The CXX compiler identification is GNU 9.4.0
[1.508s] -- Check for working C compiler: /usr/bin/cc
[2.170s] -- Check for working C compiler: /usr/bin/cc -- works
[2.177s] -- Detecting C compiler ABI info
[2.773s] -- Detecting C compiler ABI info - done
[2.890s] -- Detecting C compile features
[2.892s] -- Detecting C compile features - done
[2.923s] -- Check for working CXX compiler: /usr/bin/c++
[3.543s] -- Check for working CXX compiler: /usr/bin/c++ -- works
[3.556s] -- Detecting CXX compiler ABI info
[4.150s] -- Detecting CXX compiler ABI info - done
[4.262s] -- Detecting CXX compile features
[4.267s] -- Detecting CXX compile features - done
[4.297s] -- Looking for C++ include unistd.h
[4.922s] -- Looking for C++ include unistd.h - found
[4.928s] -- Looking for C++ include stdint.h
[5.526s] -- Looking for C++ include stdint.h - found
[5.528s] -- Looking for C++ include inttypes.h
[6.071s] -- Looking for C++ include inttypes.h - found
[6.074s] -- Looking for C++ include sys/types.h
[6.648s] -- Looking for C++ include sys/types.h - found
[6.657s] -- Looking for C++ include sys/stat.h
[7.270s] -- Looking for C++ include sys/stat.h - found
[7.273s] -- Looking for C++ include fnmatch.h
[7.812s] -- Looking for C++ include fnmatch.h - found
[7.821s] -- Looking for C++ include stddef.h
[8.374s] -- Looking for C++ include stddef.h - found
[8.375s] -- Check size of uint32_t
[8.980s] -- Check size of uint32_t - done
[8.985s] -- Looking for strtoll
[9.599s] -- Looking for strtoll - found
[9.608s] -- Looking for pthread.h
[10.238s] -- Looking for pthread.h - found
[10.243s] -- Performing Test CMAKE_HAVE_LIBC_PTHREAD
[10.802s] -- Performing Test CMAKE_HAVE_LIBC_PTHREAD - Failed
[10.804s] -- Looking for pthread_create in pthreads
[11.234s] -- Looking for pthread_create in pthreads - not found
[11.236s] -- Looking for pthread_create in pthread
[11.721s] -- Looking for pthread_create in pthread - found
[11.728s] -- Found Threads: TRUE  
[11.732s] -- Check size of pthread_rwlock_t
[12.282s] -- Check size of pthread_rwlock_t - done
[12.326s] -- Performing Test COMPILER_SUPPORTS_CXX11
[12.826s] -- Performing Test COMPILER_SUPPORTS_CXX11 - Success
[12.832s] -- Performing Test COMPILER_SUPPORTS_CXX0X
[13.342s] -- Performing Test COMPILER_SUPPORTS_CXX0X - Success
[13.483s] -- Found CUDA: /usr/local/cuda-11.4 (found version "11.4") 
[13.508s] -- Configuring done
[13.556s] -- Generating done
[13.563s] -- Build files have been written to: /home/nvidia/f1tenth_ws/build/range_lib
[13.584s] Invoked command in '/home/nvidia/f1tenth_ws/build/range_lib' returned '0': /usr/bin/cmake /home/nvidia/f1tenth_ws/range_libc -DCMAKE_INSTALL_PREFIX=/home/nvidia/f1tenth_ws/install/range_lib
[13.596s] Invoking command in '/home/nvidia/f1tenth_ws/build/range_lib': /usr/bin/cmake --build /home/nvidia/f1tenth_ws/build/range_lib -- -j6 -l6
[13.860s] [35m[1mScanning dependencies of target gflags_static[0m
[13.860s] [35m[1mScanning dependencies of target gflags_nothreads_static[0m
[13.960s] [  8%] [32mBuilding CXX object vendor/gflags/CMakeFiles/gflags_static.dir/src/gflags.cc.o[0m
[13.960s] [ 25%] [32mBuilding CXX object vendor/gflags/CMakeFiles/gflags_nothreads_static.dir/src/gflags.cc.o[0m
[13.961s] [ 25%] [32mBuilding CXX object vendor/gflags/CMakeFiles/gflags_static.dir/src/gflags_reporting.cc.o[0m
[13.973s] [ 33%] [32mBuilding CXX object vendor/gflags/CMakeFiles/gflags_nothreads_static.dir/src/gflags_completions.cc.o[0m
[13.978s] [ 41%] [32mBuilding CXX object vendor/gflags/CMakeFiles/gflags_nothreads_static.dir/src/gflags_reporting.cc.o[0m
[13.996s] [ 50%] [32mBuilding CXX object vendor/gflags/CMakeFiles/gflags_static.dir/src/gflags_completions.cc.o[0m
[19.326s] [ 58%] [32m[1mLinking CXX static library ../../lib/libgflags.a[0m
[19.391s] [ 66%] [32m[1mLinking CXX static library ../../lib/libgflags_nothreads.a[0m
[19.625s] [ 66%] Built target gflags_static
[19.689s] [ 66%] Built target gflags_nothreads_static
[19.758s] [ 75%] [34m[1mBuilding NVCC (Device) object CMakeFiles/range_lib.dir/includes/range_lib_generated_kernels.cu.o[0m
[29.990s] [35m[1mScanning dependencies of target range_lib[0m
[30.087s] [ 83%] [32mBuilding CXX object CMakeFiles/range_lib.dir/main.cpp.o[0m
[30.088s] [ 91%] [32mBuilding CXX object CMakeFiles/range_lib.dir/vendor/lodepng/lodepng.cpp.o[0m
[51.222s] [100%] [32m[1mLinking CXX executable bin/range_lib[0m
[51.805s] [100%] Built target range_lib
[51.880s] Invoked command in '/home/nvidia/f1tenth_ws/build/range_lib' returned '0': /usr/bin/cmake --build /home/nvidia/f1tenth_ws/build/range_lib -- -j6 -l6
[52.078s] Invoking command in '/home/nvidia/f1tenth_ws/build/range_lib': /usr/bin/cmake --install /home/nvidia/f1tenth_ws/build/range_lib
[52.129s] -- Install configuration: "Release"
[52.132s] -- Installing: /home/nvidia/f1tenth_ws/install/range_lib/lib/libgflags.a
[52.142s] -- Installing: /home/nvidia/f1tenth_ws/install/range_lib/lib/libgflags_nothreads.a
[52.152s] -- Installing: /home/nvidia/f1tenth_ws/install/range_lib/include/gflags/gflags.h
[52.153s] -- Installing: /home/nvidia/f1tenth_ws/install/range_lib/include/gflags/gflags_declare.h
[52.154s] -- Installing: /home/nvidia/f1tenth_ws/install/range_lib/include/gflags/gflags_completions.h
[52.155s] -- Installing: /home/nvidia/f1tenth_ws/install/range_lib/include/gflags/gflags_gflags.h
[52.157s] -- Installing: /home/nvidia/f1tenth_ws/install/range_lib/lib/cmake/gflags/gflags-config.cmake
[52.158s] -- Installing: /home/nvidia/f1tenth_ws/install/range_lib/lib/cmake/gflags/gflags-config-version.cmake
[52.159s] -- Installing: /home/nvidia/f1tenth_ws/install/range_lib/lib/cmake/gflags/gflags-targets.cmake
[52.161s] -- Installing: /home/nvidia/f1tenth_ws/install/range_lib/bin/gflags_completions.sh
[52.162s] -- Installing: /home/nvidia/f1tenth_ws/install/range_lib/lib/pkgconfig/gflags.pc
[52.164s] -- Installing: /home/nvidia/.cmake/packages/gflags/2028594a0ebd649dfc76e879e5d10b3f
[52.179s] Invoked command in '/home/nvidia/f1tenth_ws/build/range_lib' returned '0': /usr/bin/cmake --install /home/nvidia/f1tenth_ws/build/range_lib
