[6.753s] Invoking command in '/home/nvidia/f1tenth_ws/src/new_map_saver': PYTHONPATH=/home/nvidia/f1tenth_ws/build/new_map_saver/prefix_override:/usr/lib/python3/dist-packages/colcon_core/task/python/colcon_distutils_commands:/home/nvidia/f1tenth_ws/install/new_map_saver/lib/python3.8/site-packages: /usr/bin/python3 -W ignore:setup.py install is deprecated setup.py egg_info --egg-base ../../build/new_map_saver build --build-base /home/nvidia/f1tenth_ws/build/new_map_saver/build install --record /home/nvidia/f1tenth_ws/build/new_map_saver/install.log --install-scripts $base/lib/new_map_saver --single-version-externally-managed install_data
[8.370s] running egg_info
[8.378s] writing ../../build/new_map_saver/new_map_saver.egg-info/PKG-INFO
[8.379s] writing dependency_links to ../../build/new_map_saver/new_map_saver.egg-info/dependency_links.txt
[8.380s] writing entry points to ../../build/new_map_saver/new_map_saver.egg-info/entry_points.txt
[8.381s] writing requirements to ../../build/new_map_saver/new_map_saver.egg-info/requires.txt
[8.381s] writing top-level names to ../../build/new_map_saver/new_map_saver.egg-info/top_level.txt
[8.658s] reading manifest file '../../build/new_map_saver/new_map_saver.egg-info/SOURCES.txt'
[8.658s] writing manifest file '../../build/new_map_saver/new_map_saver.egg-info/SOURCES.txt'
[8.659s] running build
[8.659s] running build_py
[8.660s] running install
[8.661s] running install_lib
[8.661s] running install_data
[8.664s] running install_egg_info
[8.665s] removing '/home/nvidia/f1tenth_ws/install/new_map_saver/lib/python3.8/site-packages/new_map_saver-0.0.0-py3.8.egg-info' (and everything under it)
[8.665s] Copying ../../build/new_map_saver/new_map_saver.egg-info to /home/nvidia/f1tenth_ws/install/new_map_saver/lib/python3.8/site-packages/new_map_saver-0.0.0-py3.8.egg-info
[8.666s] running install_scripts
[8.756s] writing list of installed files to '/home/nvidia/f1tenth_ws/build/new_map_saver/install.log'
[8.881s] Invoked command in '/home/nvidia/f1tenth_ws/src/new_map_saver' returned '0': PYTHONPATH=/home/nvidia/f1tenth_ws/build/new_map_saver/prefix_override:/usr/lib/python3/dist-packages/colcon_core/task/python/colcon_distutils_commands:/home/nvidia/f1tenth_ws/install/new_map_saver/lib/python3.8/site-packages: /usr/bin/python3 -W ignore:setup.py install is deprecated setup.py egg_info --egg-base ../../build/new_map_saver build --build-base /home/nvidia/f1tenth_ws/build/new_map_saver/build install --record /home/nvidia/f1tenth_ws/build/new_map_saver/install.log --install-scripts $base/lib/new_map_saver --single-version-externally-managed install_data
