[4.539s] Invoking command in '/home/nvidia/f1tenth_ws/src/new_map_saver': PYTHONPATH=/home/nvidia/f1tenth_ws/build/new_map_saver/prefix_override:/usr/lib/python3/dist-packages/colcon_core/task/python/colcon_distutils_commands:/home/nvidia/f1tenth_ws/install/new_map_saver/lib/python3.8/site-packages: /usr/bin/python3 -W ignore:setup.py install is deprecated setup.py egg_info --egg-base ../../build/new_map_saver build --build-base /home/nvidia/f1tenth_ws/build/new_map_saver/build install --record /home/nvidia/f1tenth_ws/build/new_map_saver/install.log --install-scripts $base/lib/new_map_saver --single-version-externally-managed install_data
[6.130s] running egg_info
[6.134s] writing ../../build/new_map_saver/new_map_saver.egg-info/PKG-INFO
[6.135s] writing dependency_links to ../../build/new_map_saver/new_map_saver.egg-info/dependency_links.txt
[6.136s] writing entry points to ../../build/new_map_saver/new_map_saver.egg-info/entry_points.txt
[6.136s] writing requirements to ../../build/new_map_saver/new_map_saver.egg-info/requires.txt
[6.137s] writing top-level names to ../../build/new_map_saver/new_map_saver.egg-info/top_level.txt
[6.380s] reading manifest file '../../build/new_map_saver/new_map_saver.egg-info/SOURCES.txt'
[6.382s] writing manifest file '../../build/new_map_saver/new_map_saver.egg-info/SOURCES.txt'
[6.383s] running build
[6.383s] running build_py
[6.384s] running install
[6.388s] running install_lib
[6.397s] running install_data
[6.399s] running install_egg_info
[6.411s] removing '/home/nvidia/f1tenth_ws/install/new_map_saver/lib/python3.8/site-packages/new_map_saver-0.0.0-py3.8.egg-info' (and everything under it)
[6.413s] Copying ../../build/new_map_saver/new_map_saver.egg-info to /home/nvidia/f1tenth_ws/install/new_map_saver/lib/python3.8/site-packages/new_map_saver-0.0.0-py3.8.egg-info
[6.421s] running install_scripts
[6.514s] writing list of installed files to '/home/nvidia/f1tenth_ws/build/new_map_saver/install.log'
[6.692s] Invoked command in '/home/nvidia/f1tenth_ws/src/new_map_saver' returned '0': PYTHONPATH=/home/nvidia/f1tenth_ws/build/new_map_saver/prefix_override:/usr/lib/python3/dist-packages/colcon_core/task/python/colcon_distutils_commands:/home/nvidia/f1tenth_ws/install/new_map_saver/lib/python3.8/site-packages: /usr/bin/python3 -W ignore:setup.py install is deprecated setup.py egg_info --egg-base ../../build/new_map_saver build --build-base /home/nvidia/f1tenth_ws/build/new_map_saver/build install --record /home/nvidia/f1tenth_ws/build/new_map_saver/install.log --install-scripts $base/lib/new_map_saver --single-version-externally-managed install_data
