[3.824s] Invoking command in '/home/nvidia/f1tenth_ws/src/mapping': PYTHONPATH=/home/nvidia/f1tenth_ws/build/mapping/prefix_override:/usr/lib/python3/dist-packages/colcon_core/task/python/colcon_distutils_commands:/home/nvidia/f1tenth_ws/install/mapping/lib/python3.8/site-packages:${PYTHONPATH} /usr/bin/python3 -W ignore:setup.py install is deprecated setup.py egg_info --egg-base ../../build/mapping build --build-base /home/nvidia/f1tenth_ws/build/mapping/build install --record /home/nvidia/f1tenth_ws/build/mapping/install.log --install-scripts $base/lib/mapping --single-version-externally-managed install_data
[5.121s] running egg_info
[5.126s] writing ../../build/mapping/mapping.egg-info/PKG-INFO
[5.128s] writing dependency_links to ../../build/mapping/mapping.egg-info/dependency_links.txt
[5.129s] writing entry points to ../../build/mapping/mapping.egg-info/entry_points.txt
[5.129s] writing requirements to ../../build/mapping/mapping.egg-info/requires.txt
[5.130s] writing top-level names to ../../build/mapping/mapping.egg-info/top_level.txt
[5.314s] reading manifest file '../../build/mapping/mapping.egg-info/SOURCES.txt'
[5.318s] writing manifest file '../../build/mapping/mapping.egg-info/SOURCES.txt'
[5.319s] running build
[5.320s] running build_py
[5.320s] copying mapping/local_mapping_gradient.py -> /home/nvidia/f1tenth_ws/build/mapping/build/lib/mapping
[5.323s] running install
[5.329s] running install_lib
[5.335s] copying /home/nvidia/f1tenth_ws/build/mapping/build/lib/mapping/local_mapping_gradient.py -> /home/nvidia/f1tenth_ws/install/mapping/lib/python3.8/site-packages/mapping
[5.339s] byte-compiling /home/nvidia/f1tenth_ws/install/mapping/lib/python3.8/site-packages/mapping/local_mapping_gradient.py to local_mapping_gradient.cpython-38.pyc
[5.350s] running install_data
[5.351s] running install_egg_info
[5.359s] removing '/home/nvidia/f1tenth_ws/install/mapping/lib/python3.8/site-packages/mapping-0.0.0-py3.8.egg-info' (and everything under it)
[5.362s] Copying ../../build/mapping/mapping.egg-info to /home/nvidia/f1tenth_ws/install/mapping/lib/python3.8/site-packages/mapping-0.0.0-py3.8.egg-info
[5.368s] running install_scripts
[5.458s] Installing local_gradient_node script to /home/nvidia/f1tenth_ws/install/mapping/lib/mapping
[5.460s] Installing local_mapping_node script to /home/nvidia/f1tenth_ws/install/mapping/lib/mapping
[5.462s] writing list of installed files to '/home/nvidia/f1tenth_ws/build/mapping/install.log'
[5.568s] Invoked command in '/home/nvidia/f1tenth_ws/src/mapping' returned '0': PYTHONPATH=/home/nvidia/f1tenth_ws/build/mapping/prefix_override:/usr/lib/python3/dist-packages/colcon_core/task/python/colcon_distutils_commands:/home/nvidia/f1tenth_ws/install/mapping/lib/python3.8/site-packages:${PYTHONPATH} /usr/bin/python3 -W ignore:setup.py install is deprecated setup.py egg_info --egg-base ../../build/mapping build --build-base /home/nvidia/f1tenth_ws/build/mapping/build install --record /home/nvidia/f1tenth_ws/build/mapping/install.log --install-scripts $base/lib/mapping --single-version-externally-managed install_data
