[8.670s] Invoking command in '/home/nvidia/f1tenth_ws/src/new_map_saver': PYTHONPATH=/home/nvidia/f1tenth_ws/build/new_map_saver/prefix_override:/usr/lib/python3/dist-packages/colcon_core/task/python/colcon_distutils_commands:/home/nvidia/f1tenth_ws/install/new_map_saver/lib/python3.8/site-packages:${PYTHONPATH} /usr/bin/python3 -W ignore:setup.py install is deprecated setup.py egg_info --egg-base ../../build/new_map_saver build --build-base /home/nvidia/f1tenth_ws/build/new_map_saver/build install --record /home/nvidia/f1tenth_ws/build/new_map_saver/install.log --install-scripts $base/lib/new_map_saver --single-version-externally-managed install_data
[10.113s] running egg_info
[10.115s] writing ../../build/new_map_saver/new_map_saver.egg-info/PKG-INFO
[10.116s] writing dependency_links to ../../build/new_map_saver/new_map_saver.egg-info/dependency_links.txt
[10.117s] writing entry points to ../../build/new_map_saver/new_map_saver.egg-info/entry_points.txt
[10.119s] writing requirements to ../../build/new_map_saver/new_map_saver.egg-info/requires.txt
[10.119s] writing top-level names to ../../build/new_map_saver/new_map_saver.egg-info/top_level.txt
[10.352s] reading manifest file '../../build/new_map_saver/new_map_saver.egg-info/SOURCES.txt'
[10.355s] writing manifest file '../../build/new_map_saver/new_map_saver.egg-info/SOURCES.txt'
[10.355s] running build
[10.368s] running build_py
[10.368s] running install
[10.369s] running install_lib
[10.374s] running install_data
[10.375s] running install_egg_info
[10.392s] removing '/home/nvidia/f1tenth_ws/install/new_map_saver/lib/python3.8/site-packages/new_map_saver-0.0.0-py3.8.egg-info' (and everything under it)
[10.398s] Copying ../../build/new_map_saver/new_map_saver.egg-info to /home/nvidia/f1tenth_ws/install/new_map_saver/lib/python3.8/site-packages/new_map_saver-0.0.0-py3.8.egg-info
[10.404s] running install_scripts
[10.513s] writing list of installed files to '/home/nvidia/f1tenth_ws/build/new_map_saver/install.log'
[10.710s] Invoked command in '/home/nvidia/f1tenth_ws/src/new_map_saver' returned '0': PYTHONPATH=/home/nvidia/f1tenth_ws/build/new_map_saver/prefix_override:/usr/lib/python3/dist-packages/colcon_core/task/python/colcon_distutils_commands:/home/nvidia/f1tenth_ws/install/new_map_saver/lib/python3.8/site-packages:${PYTHONPATH} /usr/bin/python3 -W ignore:setup.py install is deprecated setup.py egg_info --egg-base ../../build/new_map_saver build --build-base /home/nvidia/f1tenth_ws/build/new_map_saver/build install --record /home/nvidia/f1tenth_ws/build/new_map_saver/install.log --install-scripts $base/lib/new_map_saver --single-version-externally-managed install_data
