[7.730s] Invoking command in '/home/nvidia/f1tenth_ws/src/f1tenth_system/teleop_tools/key_teleop': PYTHONPATH=/home/nvidia/f1tenth_ws/build/key_teleop/prefix_override:/usr/lib/python3/dist-packages/colcon_core/task/python/colcon_distutils_commands:/home/nvidia/f1tenth_ws/install/key_teleop/lib/python3.8/site-packages:${PYTHONPATH} /usr/bin/python3 -W ignore:setup.py install is deprecated setup.py egg_info --egg-base ../../../../build/key_teleop build --build-base /home/nvidia/f1tenth_ws/build/key_teleop/build install --record /home/nvidia/f1tenth_ws/build/key_teleop/install.log --install-scripts $base/lib/key_teleop --single-version-externally-managed install_data
[9.135s] running egg_info
[9.138s] writing ../../../../build/key_teleop/key_teleop.egg-info/PKG-INFO
[9.139s] writing dependency_links to ../../../../build/key_teleop/key_teleop.egg-info/dependency_links.txt
[9.142s] writing entry points to ../../../../build/key_teleop/key_teleop.egg-info/entry_points.txt
[9.144s] writing requirements to ../../../../build/key_teleop/key_teleop.egg-info/requires.txt
[9.144s] writing top-level names to ../../../../build/key_teleop/key_teleop.egg-info/top_level.txt
[9.355s] reading manifest file '../../../../build/key_teleop/key_teleop.egg-info/SOURCES.txt'
[9.358s] writing manifest file '../../../../build/key_teleop/key_teleop.egg-info/SOURCES.txt'
[9.359s] running build
[9.361s] running build_py
[9.362s] running install
[9.364s] running install_lib
[9.372s] running install_data
[9.378s] running install_egg_info
[9.384s] removing '/home/nvidia/f1tenth_ws/install/key_teleop/lib/python3.8/site-packages/key_teleop-0.3.0-py3.8.egg-info' (and everything under it)
[9.388s] Copying ../../../../build/key_teleop/key_teleop.egg-info to /home/nvidia/f1tenth_ws/install/key_teleop/lib/python3.8/site-packages/key_teleop-0.3.0-py3.8.egg-info
[9.393s] running install_scripts
[9.493s] Installing key_teleop script to /home/nvidia/f1tenth_ws/install/key_teleop/lib/key_teleop
[9.495s] writing list of installed files to '/home/nvidia/f1tenth_ws/build/key_teleop/install.log'
[9.632s] Invoked command in '/home/nvidia/f1tenth_ws/src/f1tenth_system/teleop_tools/key_teleop' returned '0': PYTHONPATH=/home/nvidia/f1tenth_ws/build/key_teleop/prefix_override:/usr/lib/python3/dist-packages/colcon_core/task/python/colcon_distutils_commands:/home/nvidia/f1tenth_ws/install/key_teleop/lib/python3.8/site-packages:${PYTHONPATH} /usr/bin/python3 -W ignore:setup.py install is deprecated setup.py egg_info --egg-base ../../../../build/key_teleop build --build-base /home/nvidia/f1tenth_ws/build/key_teleop/build install --record /home/nvidia/f1tenth_ws/build/key_teleop/install.log --install-scripts $base/lib/key_teleop --single-version-externally-managed install_data
