running egg_info
writing ../../build/new_map_saver/new_map_saver.egg-info/PKG-INFO
writing dependency_links to ../../build/new_map_saver/new_map_saver.egg-info/dependency_links.txt
writing entry points to ../../build/new_map_saver/new_map_saver.egg-info/entry_points.txt
writing requirements to ../../build/new_map_saver/new_map_saver.egg-info/requires.txt
writing top-level names to ../../build/new_map_saver/new_map_saver.egg-info/top_level.txt
reading manifest file '../../build/new_map_saver/new_map_saver.egg-info/SOURCES.txt'
writing manifest file '../../build/new_map_saver/new_map_saver.egg-info/SOURCES.txt'
running build
running build_py
running install
running install_lib
running install_data
creating /home/nvidia/f1tenth_ws/install/new_map_saver/share/new_map_saver/launch
copying launch/map_saver.launch.py -> /home/nvidia/f1tenth_ws/install/new_map_saver/share/new_map_saver/launch
creating /home/nvidia/f1tenth_ws/install/new_map_saver/share/new_map_saver/config
copying config/map_saver_params.yaml -> /home/nvidia/f1tenth_ws/install/new_map_saver/share/new_map_saver/config
running install_egg_info
removing '/home/nvidia/f1tenth_ws/install/new_map_saver/lib/python3.8/site-packages/new_map_saver-0.0.0-py3.8.egg-info' (and everything under it)
Copying ../../build/new_map_saver/new_map_saver.egg-info to /home/nvidia/f1tenth_ws/install/new_map_saver/lib/python3.8/site-packages/new_map_saver-0.0.0-py3.8.egg-info
running install_scripts
writing list of installed files to '/home/nvidia/f1tenth_ws/build/new_map_saver/install.log'
