[7.638s] Invoking command in '/home/nvidia/f1tenth_ws/src/new_map_saver': PYTHONPATH=/home/nvidia/f1tenth_ws/build/new_map_saver/prefix_override:/usr/lib/python3/dist-packages/colcon_core/task/python/colcon_distutils_commands:/home/nvidia/f1tenth_ws/install/new_map_saver/lib/python3.8/site-packages:${PYTHONPATH} /usr/bin/python3 -W ignore:setup.py install is deprecated setup.py egg_info --egg-base ../../build/new_map_saver build --build-base /home/nvidia/f1tenth_ws/build/new_map_saver/build install --record /home/nvidia/f1tenth_ws/build/new_map_saver/install.log --install-scripts $base/lib/new_map_saver --single-version-externally-managed install_data
[9.072s] running egg_info
[9.076s] writing ../../build/new_map_saver/new_map_saver.egg-info/PKG-INFO
[9.078s] writing dependency_links to ../../build/new_map_saver/new_map_saver.egg-info/dependency_links.txt
[9.079s] writing entry points to ../../build/new_map_saver/new_map_saver.egg-info/entry_points.txt
[9.080s] writing requirements to ../../build/new_map_saver/new_map_saver.egg-info/requires.txt
[9.081s] writing top-level names to ../../build/new_map_saver/new_map_saver.egg-info/top_level.txt
[9.292s] reading manifest file '../../build/new_map_saver/new_map_saver.egg-info/SOURCES.txt'
[9.302s] writing manifest file '../../build/new_map_saver/new_map_saver.egg-info/SOURCES.txt'
[9.306s] running build
[9.308s] running build_py
[9.309s] running install
[9.323s] running install_lib
[9.328s] running install_data
[9.343s] creating /home/nvidia/f1tenth_ws/install/new_map_saver/share/new_map_saver/launch
[9.343s] copying launch/map_saver.launch.py -> /home/nvidia/f1tenth_ws/install/new_map_saver/share/new_map_saver/launch
[9.349s] creating /home/nvidia/f1tenth_ws/install/new_map_saver/share/new_map_saver/config
[9.349s] copying config/map_saver_params.yaml -> /home/nvidia/f1tenth_ws/install/new_map_saver/share/new_map_saver/config
[9.360s] running install_egg_info
[9.361s] removing '/home/nvidia/f1tenth_ws/install/new_map_saver/lib/python3.8/site-packages/new_map_saver-0.0.0-py3.8.egg-info' (and everything under it)
[9.362s] Copying ../../build/new_map_saver/new_map_saver.egg-info to /home/nvidia/f1tenth_ws/install/new_map_saver/lib/python3.8/site-packages/new_map_saver-0.0.0-py3.8.egg-info
[9.364s] running install_scripts
[9.441s] writing list of installed files to '/home/nvidia/f1tenth_ws/build/new_map_saver/install.log'
[9.575s] Invoked command in '/home/nvidia/f1tenth_ws/src/new_map_saver' returned '0': PYTHONPATH=/home/nvidia/f1tenth_ws/build/new_map_saver/prefix_override:/usr/lib/python3/dist-packages/colcon_core/task/python/colcon_distutils_commands:/home/nvidia/f1tenth_ws/install/new_map_saver/lib/python3.8/site-packages:${PYTHONPATH} /usr/bin/python3 -W ignore:setup.py install is deprecated setup.py egg_info --egg-base ../../build/new_map_saver build --build-base /home/nvidia/f1tenth_ws/build/new_map_saver/build install --record /home/nvidia/f1tenth_ws/build/new_map_saver/install.log --install-scripts $base/lib/new_map_saver --single-version-externally-managed install_data
