[0.102s] Invoking command in '/home/nvidia/f1tenth_ws/build/vesc_ackermann': AMENT_PREFIX_PATH=/home/nvidia/f1tenth_ws/install/vesc_msgs:${AMENT_PREFIX_PATH} CMAKE_PREFIX_PATH=/home/nvidia/f1tenth_ws/install/vesc_msgs:/opt/ros/foxy LD_LIBRARY_PATH=/home/nvidia/f1tenth_ws/install/vesc_msgs/lib:/opt/ros/foxy/opt/yaml_cpp_vendor/lib:/opt/ros/foxy/opt/rviz_ogre_vendor/lib:/opt/ros/foxy/lib/aarch64-linux-gnu:/opt/ros/foxy/lib:/usr/local/cuda-11.4/lib64:/usr/local/cuda-11.4/lib64 PYTHONPATH=/home/nvidia/f1tenth_ws/install/vesc_msgs/lib/python3.8/site-packages:${PYTHONPATH} /usr/bin/cmake /home/nvidia/f1tenth_ws/src/f1tenth_system/vesc/vesc_ackermann -DCMAKE_INSTALL_PREFIX=/home/nvidia/f1tenth_ws/install/vesc_ackermann
[0.474s] -- The C compiler identification is GNU 9.4.0
[0.834s] -- The CXX compiler identification is GNU 9.4.0
[0.870s] -- Check for working C compiler: /usr/bin/cc
[1.327s] -- Check for working C compiler: /usr/bin/cc -- works
[1.332s] -- Detecting C compiler ABI info
[1.787s] -- Detecting C compiler ABI info - done
[1.849s] -- Detecting C compile features
[1.851s] -- Detecting C compile features - done
[1.866s] -- Check for working CXX compiler: /usr/bin/c++
[2.351s] -- Check for working CXX compiler: /usr/bin/c++ -- works
[2.358s] -- Detecting CXX compiler ABI info
[2.856s] -- Detecting CXX compiler ABI info - done
[2.918s] -- Detecting CXX compile features
[2.920s] -- Detecting CXX compile features - done
[2.931s] -- Found ament_cmake_auto: 0.9.12 (/opt/ros/foxy/share/ament_cmake_auto/cmake)
[3.070s] -- Found PythonInterp: /usr/bin/python3 (found suitable version "3.8.10", minimum required is "3") 
[3.070s] -- Using PYTHON_EXECUTABLE: /usr/bin/python3
[4.652s] -- Using all available rosidl_typesupport_c: rosidl_typesupport_fastrtps_c;rosidl_typesupport_introspection_c
[4.687s] -- Found rosidl_adapter: 1.3.1 (/opt/ros/foxy/share/rosidl_adapter/cmake)
[5.181s] -- Found OpenSSL: /usr/lib/aarch64-linux-gnu/libcrypto.so (found version "1.1.1f")  
[5.326s] -- Found FastRTPS: /opt/ros/foxy/include  
[5.728s] -- Using all available rosidl_typesupport_cpp: rosidl_typesupport_fastrtps_cpp;rosidl_typesupport_introspection_cpp
[6.956s] -- Found rmw_implementation_cmake: 1.0.4 (/opt/ros/foxy/share/rmw_implementation_cmake/cmake)
[6.964s] -- Using RMW implementation 'rmw_fastrtps_cpp' as default
[6.968s] -- Looking for pthread.h
[7.431s] -- Looking for pthread.h - found
[7.436s] -- Performing Test CMAKE_HAVE_LIBC_PTHREAD
[7.905s] -- Performing Test CMAKE_HAVE_LIBC_PTHREAD - Failed
[7.907s] -- Looking for pthread_create in pthreads
[8.278s] -- Looking for pthread_create in pthreads - not found
[8.279s] -- Looking for pthread_create in pthread
[8.710s] -- Looking for pthread_create in pthread - found
[8.716s] -- Found Threads: TRUE  
[11.364s] -- Found ament_lint_auto: 0.9.8 (/opt/ros/foxy/share/ament_lint_auto/cmake)
[11.463s] -- Added test 'copyright' to check source files copyright and LICENSE
[11.472s] -- Added test 'cppcheck' to perform static code analysis on C / C++ code
[11.473s] -- Configured cppcheck include dirs: /home/nvidia/f1tenth_ws/src/f1tenth_system/vesc/vesc_ackermann/include
[11.473s] -- Configured cppcheck exclude dirs and/or files: 
[11.481s] -- Added test 'cpplint' to check C / C++ code against the Google style
[11.481s] -- Configured cpplint exclude dirs and/or files: 
[11.487s] -- Added test 'lint_cmake' to check CMake code style
[11.496s] -- Added test 'uncrustify' to check C / C++ code style
[11.496s] -- Configured uncrustify additional arguments: 
[11.499s] -- Added test 'xmllint' to check XML markup files
[11.541s] -- Configuring done
[11.673s] -- Generating done
[11.684s] -- Build files have been written to: /home/nvidia/f1tenth_ws/build/vesc_ackermann
[11.745s] Invoked command in '/home/nvidia/f1tenth_ws/build/vesc_ackermann' returned '0': AMENT_PREFIX_PATH=/home/nvidia/f1tenth_ws/install/vesc_msgs:${AMENT_PREFIX_PATH} CMAKE_PREFIX_PATH=/home/nvidia/f1tenth_ws/install/vesc_msgs:/opt/ros/foxy LD_LIBRARY_PATH=/home/nvidia/f1tenth_ws/install/vesc_msgs/lib:/opt/ros/foxy/opt/yaml_cpp_vendor/lib:/opt/ros/foxy/opt/rviz_ogre_vendor/lib:/opt/ros/foxy/lib/aarch64-linux-gnu:/opt/ros/foxy/lib:/usr/local/cuda-11.4/lib64:/usr/local/cuda-11.4/lib64 PYTHONPATH=/home/nvidia/f1tenth_ws/install/vesc_msgs/lib/python3.8/site-packages:${PYTHONPATH} /usr/bin/cmake /home/nvidia/f1tenth_ws/src/f1tenth_system/vesc/vesc_ackermann -DCMAKE_INSTALL_PREFIX=/home/nvidia/f1tenth_ws/install/vesc_ackermann
[11.759s] Invoking command in '/home/nvidia/f1tenth_ws/build/vesc_ackermann': AMENT_PREFIX_PATH=/home/nvidia/f1tenth_ws/install/vesc_msgs:${AMENT_PREFIX_PATH} CMAKE_PREFIX_PATH=/home/nvidia/f1tenth_ws/install/vesc_msgs:/opt/ros/foxy LD_LIBRARY_PATH=/home/nvidia/f1tenth_ws/install/vesc_msgs/lib:/opt/ros/foxy/opt/yaml_cpp_vendor/lib:/opt/ros/foxy/opt/rviz_ogre_vendor/lib:/opt/ros/foxy/lib/aarch64-linux-gnu:/opt/ros/foxy/lib:/usr/local/cuda-11.4/lib64:/usr/local/cuda-11.4/lib64 PYTHONPATH=/home/nvidia/f1tenth_ws/install/vesc_msgs/lib/python3.8/site-packages:${PYTHONPATH} /usr/bin/cmake --build /home/nvidia/f1tenth_ws/build/vesc_ackermann -- -j6 -l6
[12.011s] [35m[1mScanning dependencies of target ackermann_to_vesc_node[0m
[12.012s] [35m[1mScanning dependencies of target vesc_to_odom_node[0m
[12.013s] [35m[1mScanning dependencies of target vesc_ackermann[0m
[12.263s] [ 14%] [32mBuilding CXX object CMakeFiles/vesc_to_odom_node.dir/rclcpp_components/node_main_vesc_to_odom_node.cpp.o[0m
[12.279s] [ 28%] [32mBuilding CXX object CMakeFiles/ackermann_to_vesc_node.dir/rclcpp_components/node_main_ackermann_to_vesc_node.cpp.o[0m
[12.430s] [ 42%] [32mBuilding CXX object CMakeFiles/vesc_ackermann.dir/src/ackermann_to_vesc.cpp.o[0m
[12.445s] [ 57%] [32mBuilding CXX object CMakeFiles/vesc_ackermann.dir/src/vesc_to_odom.cpp.o[0m
[28.863s] [ 71%] [32m[1mLinking CXX executable ackermann_to_vesc_node[0m
[29.296s] [ 85%] [32m[1mLinking CXX executable vesc_to_odom_node[0m
[29.590s] [ 85%] Built target ackermann_to_vesc_node
[29.985s] [ 85%] Built target vesc_to_odom_node
[50.970s] [100%] [32m[1mLinking CXX shared library libvesc_ackermann.so[0m
[53.513s] [100%] Built target vesc_ackermann
[53.578s] Invoked command in '/home/nvidia/f1tenth_ws/build/vesc_ackermann' returned '0': AMENT_PREFIX_PATH=/home/nvidia/f1tenth_ws/install/vesc_msgs:${AMENT_PREFIX_PATH} CMAKE_PREFIX_PATH=/home/nvidia/f1tenth_ws/install/vesc_msgs:/opt/ros/foxy LD_LIBRARY_PATH=/home/nvidia/f1tenth_ws/install/vesc_msgs/lib:/opt/ros/foxy/opt/yaml_cpp_vendor/lib:/opt/ros/foxy/opt/rviz_ogre_vendor/lib:/opt/ros/foxy/lib/aarch64-linux-gnu:/opt/ros/foxy/lib:/usr/local/cuda-11.4/lib64:/usr/local/cuda-11.4/lib64 PYTHONPATH=/home/nvidia/f1tenth_ws/install/vesc_msgs/lib/python3.8/site-packages:${PYTHONPATH} /usr/bin/cmake --build /home/nvidia/f1tenth_ws/build/vesc_ackermann -- -j6 -l6
[53.789s] Invoking command in '/home/nvidia/f1tenth_ws/build/vesc_ackermann': AMENT_PREFIX_PATH=/home/nvidia/f1tenth_ws/install/vesc_msgs:${AMENT_PREFIX_PATH} CMAKE_PREFIX_PATH=/home/nvidia/f1tenth_ws/install/vesc_msgs:/opt/ros/foxy LD_LIBRARY_PATH=/home/nvidia/f1tenth_ws/install/vesc_msgs/lib:/opt/ros/foxy/opt/yaml_cpp_vendor/lib:/opt/ros/foxy/opt/rviz_ogre_vendor/lib:/opt/ros/foxy/lib/aarch64-linux-gnu:/opt/ros/foxy/lib:/usr/local/cuda-11.4/lib64:/usr/local/cuda-11.4/lib64 PYTHONPATH=/home/nvidia/f1tenth_ws/install/vesc_msgs/lib/python3.8/site-packages:${PYTHONPATH} /usr/bin/cmake --install /home/nvidia/f1tenth_ws/build/vesc_ackermann
[53.836s] -- Install configuration: ""
[53.838s] -- Installing: /home/nvidia/f1tenth_ws/install/vesc_ackermann/lib/vesc_ackermann/ackermann_to_vesc_node
[53.843s] -- Set runtime path of "/home/nvidia/f1tenth_ws/install/vesc_ackermann/lib/vesc_ackermann/ackermann_to_vesc_node" to ""
[53.844s] -- Installing: /home/nvidia/f1tenth_ws/install/vesc_ackermann/lib/vesc_ackermann/vesc_to_odom_node
[53.850s] -- Set runtime path of "/home/nvidia/f1tenth_ws/install/vesc_ackermann/lib/vesc_ackermann/vesc_to_odom_node" to ""
[53.851s] -- Installing: /home/nvidia/f1tenth_ws/install/vesc_ackermann/include
[53.854s] -- Installing: /home/nvidia/f1tenth_ws/install/vesc_ackermann/include/vesc_ackermann
[53.855s] -- Installing: /home/nvidia/f1tenth_ws/install/vesc_ackermann/include/vesc_ackermann/vesc_to_odom.hpp
[53.855s] -- Installing: /home/nvidia/f1tenth_ws/install/vesc_ackermann/include/vesc_ackermann/ackermann_to_vesc.hpp
[53.856s] -- Installing: /home/nvidia/f1tenth_ws/install/vesc_ackermann/share/vesc_ackermann/environment/library_path.sh
[53.856s] -- Installing: /home/nvidia/f1tenth_ws/install/vesc_ackermann/share/vesc_ackermann/environment/library_path.dsv
[53.857s] -- Installing: /home/nvidia/f1tenth_ws/install/vesc_ackermann/lib/libvesc_ackermann.so
[53.918s] -- Set runtime path of "/home/nvidia/f1tenth_ws/install/vesc_ackermann/lib/libvesc_ackermann.so" to ""
[53.919s] -- Installing: /home/nvidia/f1tenth_ws/install/vesc_ackermann/share/vesc_ackermann/launch
[53.919s] -- Installing: /home/nvidia/f1tenth_ws/install/vesc_ackermann/share/vesc_ackermann/launch/vesc_to_odom_node.launch.xml
[53.920s] -- Installing: /home/nvidia/f1tenth_ws/install/vesc_ackermann/share/vesc_ackermann/launch/ackermann_to_vesc_node.launch.xml
[53.922s] -- Installing: /home/nvidia/f1tenth_ws/install/vesc_ackermann/share/ament_index/resource_index/package_run_dependencies/vesc_ackermann
[53.924s] -- Installing: /home/nvidia/f1tenth_ws/install/vesc_ackermann/share/ament_index/resource_index/parent_prefix_path/vesc_ackermann
[53.925s] -- Installing: /home/nvidia/f1tenth_ws/install/vesc_ackermann/share/vesc_ackermann/environment/ament_prefix_path.sh
[53.926s] -- Installing: /home/nvidia/f1tenth_ws/install/vesc_ackermann/share/vesc_ackermann/environment/ament_prefix_path.dsv
[53.927s] -- Installing: /home/nvidia/f1tenth_ws/install/vesc_ackermann/share/vesc_ackermann/environment/path.sh
[53.928s] -- Installing: /home/nvidia/f1tenth_ws/install/vesc_ackermann/share/vesc_ackermann/environment/path.dsv
[53.930s] -- Installing: /home/nvidia/f1tenth_ws/install/vesc_ackermann/share/vesc_ackermann/local_setup.bash
[53.931s] -- Installing: /home/nvidia/f1tenth_ws/install/vesc_ackermann/share/vesc_ackermann/local_setup.sh
[53.932s] -- Installing: /home/nvidia/f1tenth_ws/install/vesc_ackermann/share/vesc_ackermann/local_setup.zsh
[53.933s] -- Installing: /home/nvidia/f1tenth_ws/install/vesc_ackermann/share/vesc_ackermann/local_setup.dsv
[53.934s] -- Installing: /home/nvidia/f1tenth_ws/install/vesc_ackermann/share/vesc_ackermann/package.dsv
[53.935s] -- Installing: /home/nvidia/f1tenth_ws/install/vesc_ackermann/share/ament_index/resource_index/packages/vesc_ackermann
[53.936s] -- Installing: /home/nvidia/f1tenth_ws/install/vesc_ackermann/share/ament_index/resource_index/rclcpp_components/vesc_ackermann
[53.938s] -- Installing: /home/nvidia/f1tenth_ws/install/vesc_ackermann/share/vesc_ackermann/cmake/ament_cmake_export_dependencies-extras.cmake
[53.939s] -- Installing: /home/nvidia/f1tenth_ws/install/vesc_ackermann/share/vesc_ackermann/cmake/ament_cmake_export_include_directories-extras.cmake
[53.940s] -- Installing: /home/nvidia/f1tenth_ws/install/vesc_ackermann/share/vesc_ackermann/cmake/ament_cmake_export_libraries-extras.cmake
[53.942s] -- Installing: /home/nvidia/f1tenth_ws/install/vesc_ackermann/share/vesc_ackermann/cmake/vesc_ackermannConfig.cmake
[53.943s] -- Installing: /home/nvidia/f1tenth_ws/install/vesc_ackermann/share/vesc_ackermann/cmake/vesc_ackermannConfig-version.cmake
[53.944s] -- Installing: /home/nvidia/f1tenth_ws/install/vesc_ackermann/share/vesc_ackermann/package.xml
[53.960s] Invoked command in '/home/nvidia/f1tenth_ws/build/vesc_ackermann' returned '0': AMENT_PREFIX_PATH=/home/nvidia/f1tenth_ws/install/vesc_msgs:${AMENT_PREFIX_PATH} CMAKE_PREFIX_PATH=/home/nvidia/f1tenth_ws/install/vesc_msgs:/opt/ros/foxy LD_LIBRARY_PATH=/home/nvidia/f1tenth_ws/install/vesc_msgs/lib:/opt/ros/foxy/opt/yaml_cpp_vendor/lib:/opt/ros/foxy/opt/rviz_ogre_vendor/lib:/opt/ros/foxy/lib/aarch64-linux-gnu:/opt/ros/foxy/lib:/usr/local/cuda-11.4/lib64:/usr/local/cuda-11.4/lib64 PYTHONPATH=/home/nvidia/f1tenth_ws/install/vesc_msgs/lib/python3.8/site-packages:${PYTHONPATH} /usr/bin/cmake --install /home/nvidia/f1tenth_ws/build/vesc_ackermann
