[8.012s] Invoking command in '/home/nvidia/f1tenth_ws/src/f1tenth_system/teleop_tools/key_teleop': PYTHONPATH=/home/nvidia/f1tenth_ws/build/key_teleop/prefix_override:/usr/lib/python3/dist-packages/colcon_core/task/python/colcon_distutils_commands:/home/nvidia/f1tenth_ws/install/key_teleop/lib/python3.8/site-packages:${PYTHONPATH} /usr/bin/python3 -W ignore:setup.py install is deprecated setup.py egg_info --egg-base ../../../../build/key_teleop build --build-base /home/nvidia/f1tenth_ws/build/key_teleop/build install --record /home/nvidia/f1tenth_ws/build/key_teleop/install.log --install-scripts $base/lib/key_teleop --single-version-externally-managed install_data
[10.672s] running egg_info
[10.685s] writing ../../../../build/key_teleop/key_teleop.egg-info/PKG-INFO
[10.689s] writing dependency_links to ../../../../build/key_teleop/key_teleop.egg-info/dependency_links.txt
[10.691s] writing entry points to ../../../../build/key_teleop/key_teleop.egg-info/entry_points.txt
[10.694s] writing requirements to ../../../../build/key_teleop/key_teleop.egg-info/requires.txt
[10.696s] writing top-level names to ../../../../build/key_teleop/key_teleop.egg-info/top_level.txt
[11.240s] reading manifest file '../../../../build/key_teleop/key_teleop.egg-info/SOURCES.txt'
[11.259s] writing manifest file '../../../../build/key_teleop/key_teleop.egg-info/SOURCES.txt'
[11.261s] running build
[11.261s] running build_py
[11.264s] running install
[11.286s] running install_lib
[11.303s] running install_data
[11.306s] running install_egg_info
[11.335s] removing '/home/nvidia/f1tenth_ws/install/key_teleop/lib/python3.8/site-packages/key_teleop-0.3.0-py3.8.egg-info' (and everything under it)
[11.346s] Copying ../../../../build/key_teleop/key_teleop.egg-info to /home/nvidia/f1tenth_ws/install/key_teleop/lib/python3.8/site-packages/key_teleop-0.3.0-py3.8.egg-info
[11.375s] running install_scripts
[11.606s] Installing key_teleop script to /home/nvidia/f1tenth_ws/install/key_teleop/lib/key_teleop
[11.614s] writing list of installed files to '/home/nvidia/f1tenth_ws/build/key_teleop/install.log'
[12.789s] Invoked command in '/home/nvidia/f1tenth_ws/src/f1tenth_system/teleop_tools/key_teleop' returned '0': PYTHONPATH=/home/nvidia/f1tenth_ws/build/key_teleop/prefix_override:/usr/lib/python3/dist-packages/colcon_core/task/python/colcon_distutils_commands:/home/nvidia/f1tenth_ws/install/key_teleop/lib/python3.8/site-packages:${PYTHONPATH} /usr/bin/python3 -W ignore:setup.py install is deprecated setup.py egg_info --egg-base ../../../../build/key_teleop build --build-base /home/nvidia/f1tenth_ws/build/key_teleop/build install --record /home/nvidia/f1tenth_ws/build/key_teleop/install.log --install-scripts $base/lib/key_teleop --single-version-externally-managed install_data
