[6.922s] Invoking command in '/home/nvidia/f1tenth_ws/src/mapping': PYTHONPATH=/home/nvidia/f1tenth_ws/build/mapping/prefix_override:/usr/lib/python3/dist-packages/colcon_core/task/python/colcon_distutils_commands:/home/nvidia/f1tenth_ws/install/mapping/lib/python3.8/site-packages: /usr/bin/python3 -W ignore:setup.py install is deprecated setup.py egg_info --egg-base ../../build/mapping build --build-base /home/nvidia/f1tenth_ws/build/mapping/build install --record /home/nvidia/f1tenth_ws/build/mapping/install.log --install-scripts $base/lib/mapping --single-version-externally-managed install_data
[8.286s] running egg_info
[8.289s] writing ../../build/mapping/mapping.egg-info/PKG-INFO
[8.292s] writing dependency_links to ../../build/mapping/mapping.egg-info/dependency_links.txt
[8.296s] writing entry points to ../../build/mapping/mapping.egg-info/entry_points.txt
[8.296s] writing requirements to ../../build/mapping/mapping.egg-info/requires.txt
[8.297s] writing top-level names to ../../build/mapping/mapping.egg-info/top_level.txt
[8.547s] reading manifest file '../../build/mapping/mapping.egg-info/SOURCES.txt'
[8.554s] writing manifest file '../../build/mapping/mapping.egg-info/SOURCES.txt'
[8.556s] running build
[8.557s] running build_py
[8.557s] copying mapping/local_mapping.py -> /home/nvidia/f1tenth_ws/build/mapping/build/lib/mapping
[8.558s] running install
[8.563s] running install_lib
[8.569s] copying /home/nvidia/f1tenth_ws/build/mapping/build/lib/mapping/local_mapping.py -> /home/nvidia/f1tenth_ws/install/mapping/lib/python3.8/site-packages/mapping
[8.573s] byte-compiling /home/nvidia/f1tenth_ws/install/mapping/lib/python3.8/site-packages/mapping/local_mapping.py to local_mapping.cpython-38.pyc
[8.586s] running install_data
[8.589s] running install_egg_info
[8.609s] removing '/home/nvidia/f1tenth_ws/install/mapping/lib/python3.8/site-packages/mapping-0.0.0-py3.8.egg-info' (and everything under it)
[8.618s] Copying ../../build/mapping/mapping.egg-info to /home/nvidia/f1tenth_ws/install/mapping/lib/python3.8/site-packages/mapping-0.0.0-py3.8.egg-info
[8.636s] running install_scripts
[8.779s] Installing local_mapping_node script to /home/nvidia/f1tenth_ws/install/mapping/lib/mapping
[8.786s] writing list of installed files to '/home/nvidia/f1tenth_ws/build/mapping/install.log'
[9.185s] Invoked command in '/home/nvidia/f1tenth_ws/src/mapping' returned '0': PYTHONPATH=/home/nvidia/f1tenth_ws/build/mapping/prefix_override:/usr/lib/python3/dist-packages/colcon_core/task/python/colcon_distutils_commands:/home/nvidia/f1tenth_ws/install/mapping/lib/python3.8/site-packages: /usr/bin/python3 -W ignore:setup.py install is deprecated setup.py egg_info --egg-base ../../build/mapping build --build-base /home/nvidia/f1tenth_ws/build/mapping/build install --record /home/nvidia/f1tenth_ws/build/mapping/install.log --install-scripts $base/lib/mapping --single-version-externally-managed install_data
